2022-04-27 15:58:45.570  INFO 2024 --- [restartedMain] c.b.m.MyspringbootAppApplication         : Starting MyspringbootAppApplication using Java 1.8.0_322 on DESKTOP-M7IRV8D with PID 2024 (C:\jdk8_spring\workspace\myspringboot-app\target\classes started by 윤영호 in C:\jdk8_spring\workspace\myspringboot-app)
2022-04-27 15:58:45.570  INFO 2024 --- [restartedMain] c.b.m.MyspringbootAppApplication         : The following 1 profile is active: "test"
2022-04-27 15:58:45.711  INFO 2024 --- [restartedMain] .s.d.r.c.RepositoryConfigurationDelegate : Bootstrapping Spring Data JPA repositories in DEFAULT mode.
2022-04-27 15:58:45.725  INFO 2024 --- [restartedMain] .s.d.r.c.RepositoryConfigurationDelegate : Finished Spring Data repository scanning in 14 ms. Found 3 JPA repository interfaces.
2022-04-27 15:58:45.818  INFO 2024 --- [restartedMain] o.s.b.w.embedded.tomcat.TomcatWebServer  : Tomcat initialized with port(s): 8080 (http)
2022-04-27 15:58:45.818  INFO 2024 --- [restartedMain] o.apache.catalina.core.StandardService   : Starting service [Tomcat]
2022-04-27 15:58:45.818  INFO 2024 --- [restartedMain] org.apache.catalina.core.StandardEngine  : Starting Servlet engine: [Apache Tomcat/9.0.60]
2022-04-27 15:58:45.831  INFO 2024 --- [restartedMain] o.a.c.c.C.[Tomcat-1].[localhost].[/]     : Initializing Spring embedded WebApplicationContext
2022-04-27 15:58:45.831  INFO 2024 --- [restartedMain] w.s.c.ServletWebServerApplicationContext : Root WebApplicationContext: initialization completed in 259 ms
2022-04-27 15:58:45.841  INFO 2024 --- [restartedMain] com.zaxxer.hikari.HikariDataSource       : HikariPool-31 - Starting...
2022-04-27 15:58:45.843  INFO 2024 --- [restartedMain] com.zaxxer.hikari.HikariDataSource       : HikariPool-31 - Start completed.
2022-04-27 15:58:45.843  INFO 2024 --- [restartedMain] o.s.b.a.h2.H2ConsoleAutoConfiguration    : H2 console available at '/h2-console'. Database available at 'jdbc:mariadb://127.0.0.1:3306/boot_db?useUnicode=true&charaterEncoding=utf-8&useSSL=false&serverTimezone=UTC'
2022-04-27 15:58:45.858  INFO 2024 --- [restartedMain] o.hibernate.jpa.internal.util.LogHelper  : HHH000204: Processing PersistenceUnitInfo [name: default]
2022-04-27 15:58:45.861  INFO 2024 --- [restartedMain] org.hibernate.dialect.Dialect            : HHH000400: Using dialect: org.hibernate.dialect.MariaDB103Dialect
2022-04-27 15:58:45.888  INFO 2024 --- [restartedMain] o.h.e.t.j.p.i.JtaPlatformInitiator       : HHH000490: Using JtaPlatform implementation: [org.hibernate.engine.transaction.jta.platform.internal.NoJtaPlatform]
2022-04-27 15:58:45.888  INFO 2024 --- [restartedMain] j.LocalContainerEntityManagerFactoryBean : Initialized JPA EntityManagerFactory for persistence unit 'default'
2022-04-27 15:58:45.944  WARN 2024 --- [restartedMain] JpaBaseConfiguration$JpaWebConfiguration : spring.jpa.open-in-view is enabled by default. Therefore, database queries may be performed during view rendering. Explicitly configure spring.jpa.open-in-view to disable this warning
2022-04-27 15:58:45.969  INFO 2024 --- [restartedMain] o.s.b.a.w.s.WelcomePageHandlerMapping    : Adding welcome page: class path resource [static/index.html]
2022-04-27 15:58:46.006  INFO 2024 --- [restartedMain] o.s.b.d.a.OptionalLiveReloadServer       : LiveReload server is running on port 35729
2022-04-27 15:58:46.015  INFO 2024 --- [restartedMain] o.s.b.w.embedded.tomcat.TomcatWebServer  : Tomcat started on port(s): 8080 (http) with context path ''
2022-04-27 15:58:46.019  INFO 2024 --- [restartedMain] c.b.m.MyspringbootAppApplication         : Started MyspringbootAppApplication in 0.496 seconds (JVM running for 13961.428)
2022-04-27 15:58:46.021  INFO 2024 --- [restartedMain] .ConditionEvaluationDeltaLoggingListener : Condition evaluation unchanged
2022-04-27 15:58:47.714  INFO 2024 --- [Thread-135] j.LocalContainerEntityManagerFactoryBean : Closing JPA EntityManagerFactory for persistence unit 'default'
2022-04-27 15:58:47.714  INFO 2024 --- [Thread-135] com.zaxxer.hikari.HikariDataSource       : HikariPool-31 - Shutdown initiated...
2022-04-27 15:58:47.717  INFO 2024 --- [Thread-135] com.zaxxer.hikari.HikariDataSource       : HikariPool-31 - Shutdown completed.
2022-04-27 15:58:47.841  INFO 2024 --- [restartedMain] c.b.m.MyspringbootAppApplication         : Starting MyspringbootAppApplication using Java 1.8.0_322 on DESKTOP-M7IRV8D with PID 2024 (C:\jdk8_spring\workspace\myspringboot-app\target\classes started by 윤영호 in C:\jdk8_spring\workspace\myspringboot-app)
2022-04-27 15:58:47.841  INFO 2024 --- [restartedMain] c.b.m.MyspringbootAppApplication         : The following 1 profile is active: "test"
2022-04-27 15:58:47.969  INFO 2024 --- [restartedMain] .s.d.r.c.RepositoryConfigurationDelegate : Bootstrapping Spring Data JPA repositories in DEFAULT mode.
2022-04-27 15:58:47.979  INFO 2024 --- [restartedMain] .s.d.r.c.RepositoryConfigurationDelegate : Finished Spring Data repository scanning in 10 ms. Found 3 JPA repository interfaces.
2022-04-27 15:58:48.027  INFO 2024 --- [restartedMain] o.s.b.w.embedded.tomcat.TomcatWebServer  : Tomcat initialized with port(s): 8080 (http)
2022-04-27 15:58:48.027  INFO 2024 --- [restartedMain] o.apache.catalina.core.StandardService   : Starting service [Tomcat]
2022-04-27 15:58:48.027  INFO 2024 --- [restartedMain] org.apache.catalina.core.StandardEngine  : Starting Servlet engine: [Apache Tomcat/9.0.60]
2022-04-27 15:58:48.040  INFO 2024 --- [restartedMain] o.a.c.c.C.[Tomcat-1].[localhost].[/]     : Initializing Spring embedded WebApplicationContext
2022-04-27 15:58:48.040  INFO 2024 --- [restartedMain] w.s.c.ServletWebServerApplicationContext : Root WebApplicationContext: initialization completed in 197 ms
2022-04-27 15:58:48.046  INFO 2024 --- [restartedMain] com.zaxxer.hikari.HikariDataSource       : HikariPool-32 - Starting...
2022-04-27 15:58:48.047  INFO 2024 --- [restartedMain] com.zaxxer.hikari.HikariDataSource       : HikariPool-32 - Start completed.
2022-04-27 15:58:48.047  INFO 2024 --- [restartedMain] o.s.b.a.h2.H2ConsoleAutoConfiguration    : H2 console available at '/h2-console'. Database available at 'jdbc:mariadb://127.0.0.1:3306/boot_db?useUnicode=true&charaterEncoding=utf-8&useSSL=false&serverTimezone=UTC'
2022-04-27 15:58:48.060  INFO 2024 --- [restartedMain] o.hibernate.jpa.internal.util.LogHelper  : HHH000204: Processing PersistenceUnitInfo [name: default]
2022-04-27 15:58:48.063  INFO 2024 --- [restartedMain] org.hibernate.dialect.Dialect            : HHH000400: Using dialect: org.hibernate.dialect.MariaDB103Dialect
2022-04-27 15:58:48.090  INFO 2024 --- [restartedMain] o.h.e.t.j.p.i.JtaPlatformInitiator       : HHH000490: Using JtaPlatform implementation: [org.hibernate.engine.transaction.jta.platform.internal.NoJtaPlatform]
2022-04-27 15:58:48.090  INFO 2024 --- [restartedMain] j.LocalContainerEntityManagerFactoryBean : Initialized JPA EntityManagerFactory for persistence unit 'default'
2022-04-27 15:58:48.142  WARN 2024 --- [restartedMain] JpaBaseConfiguration$JpaWebConfiguration : spring.jpa.open-in-view is enabled by default. Therefore, database queries may be performed during view rendering. Explicitly configure spring.jpa.open-in-view to disable this warning
2022-04-27 15:58:48.165  INFO 2024 --- [restartedMain] o.s.b.a.w.s.WelcomePageHandlerMapping    : Adding welcome page: class path resource [static/index.html]
2022-04-27 15:58:48.200  INFO 2024 --- [restartedMain] o.s.b.d.a.OptionalLiveReloadServer       : LiveReload server is running on port 35729
2022-04-27 15:58:48.207  INFO 2024 --- [restartedMain] o.s.b.w.embedded.tomcat.TomcatWebServer  : Tomcat started on port(s): 8080 (http) with context path ''
2022-04-27 15:58:48.209  INFO 2024 --- [restartedMain] c.b.m.MyspringbootAppApplication         : Started MyspringbootAppApplication in 0.39 seconds (JVM running for 13963.619)
2022-04-27 15:58:48.210  INFO 2024 --- [restartedMain] .ConditionEvaluationDeltaLoggingListener : Condition evaluation unchanged
2022-04-27 16:04:08.017  INFO 2024 --- [SpringApplicationShutdownHook] j.LocalContainerEntityManagerFactoryBean : Closing JPA EntityManagerFactory for persistence unit 'default'
2022-04-27 16:04:08.018  INFO 2024 --- [SpringApplicationShutdownHook] com.zaxxer.hikari.HikariDataSource       : HikariPool-32 - Shutdown initiated...
2022-04-27 16:04:08.036  INFO 2024 --- [SpringApplicationShutdownHook] com.zaxxer.hikari.HikariDataSource       : HikariPool-32 - Shutdown completed.
2022-04-27 16:09:21.851  INFO 8884 --- [main] .s.d.r.c.RepositoryConfigurationDelegate : Bootstrapping Spring Data JPA repositories in DEFAULT mode.
2022-04-27 16:09:21.896  INFO 8884 --- [main] .s.d.r.c.RepositoryConfigurationDelegate : Finished Spring Data repository scanning in 35 ms. Found 3 JPA repository interfaces.
2022-04-27 16:09:22.664  INFO 8884 --- [main] o.s.b.w.embedded.tomcat.TomcatWebServer  : Tomcat initialized with port(s): 8080 (http)
2022-04-27 16:09:22.676  INFO 8884 --- [main] o.apache.catalina.core.StandardService   : Starting service [Tomcat]
2022-04-27 16:09:22.677  INFO 8884 --- [main] org.apache.catalina.core.StandardEngine  : Starting Servlet engine: [Apache Tomcat/9.0.60]
2022-04-27 16:09:22.792  INFO 8884 --- [main] o.a.c.c.C.[Tomcat].[localhost].[/]       : Initializing Spring embedded WebApplicationContext
2022-04-27 16:09:22.792  INFO 8884 --- [main] w.s.c.ServletWebServerApplicationContext : Root WebApplicationContext: initialization completed in 1455 ms
2022-04-27 16:09:22.925  INFO 8884 --- [main] o.hibernate.jpa.internal.util.LogHelper  : HHH000204: Processing PersistenceUnitInfo [name: default]
2022-04-27 16:09:22.971  INFO 8884 --- [main] org.hibernate.Version                    : HHH000412: Hibernate ORM core version 5.4.33
2022-04-27 16:09:23.082  INFO 8884 --- [main] o.hibernate.annotations.common.Version   : HCANN000001: Hibernate Commons Annotations {5.1.2.Final}
2022-04-27 16:09:23.171  INFO 8884 --- [main] com.zaxxer.hikari.HikariDataSource       : HikariPool-1 - Starting...
2022-04-27 16:09:23.228  INFO 8884 --- [main] com.zaxxer.hikari.HikariDataSource       : HikariPool-1 - Start completed.
2022-04-27 16:09:23.257  INFO 8884 --- [main] org.hibernate.dialect.Dialect            : HHH000400: Using dialect: org.hibernate.dialect.MariaDB103Dialect
2022-04-27 16:09:23.806  INFO 8884 --- [main] o.h.e.t.j.p.i.JtaPlatformInitiator       : HHH000490: Using JtaPlatform implementation: [org.hibernate.engine.transaction.jta.platform.internal.NoJtaPlatform]
2022-04-27 16:09:23.813  INFO 8884 --- [main] j.LocalContainerEntityManagerFactoryBean : Initialized JPA EntityManagerFactory for persistence unit 'default'
2022-04-27 16:09:24.187  WARN 8884 --- [main] JpaBaseConfiguration$JpaWebConfiguration : spring.jpa.open-in-view is enabled by default. Therefore, database queries may be performed during view rendering. Explicitly configure spring.jpa.open-in-view to disable this warning
2022-04-27 16:09:24.346  INFO 8884 --- [main] o.s.b.a.w.s.WelcomePageHandlerMapping    : Adding welcome page: class path resource [static/index.html]
2022-04-27 16:09:24.619  INFO 8884 --- [main] o.s.b.w.embedded.tomcat.TomcatWebServer  : Tomcat started on port(s): 8080 (http) with context path ''
2022-04-27 16:10:26.017  INFO 8884 --- [http-nio-8080-exec-1] o.a.c.c.C.[Tomcat].[localhost].[/]       : Initializing Spring DispatcherServlet 'dispatcherServlet'
2022-04-27 16:10:26.018  INFO 8884 --- [http-nio-8080-exec-1] o.s.web.servlet.DispatcherServlet        : Initializing Servlet 'dispatcherServlet'
2022-04-27 16:10:26.020  INFO 8884 --- [http-nio-8080-exec-1] o.s.web.servlet.DispatcherServlet        : Completed initialization in 2 ms
2022-04-27 16:35:29.950  INFO 8884 --- [SpringApplicationShutdownHook] j.LocalContainerEntityManagerFactoryBean : Closing JPA EntityManagerFactory for persistence unit 'default'
2022-04-27 16:35:29.952  INFO 8884 --- [SpringApplicationShutdownHook] com.zaxxer.hikari.HikariDataSource       : HikariPool-1 - Shutdown initiated...
2022-04-27 16:35:29.955  INFO 8884 --- [SpringApplicationShutdownHook] com.zaxxer.hikari.HikariDataSource       : HikariPool-1 - Shutdown completed.
2022-04-27 16:35:35.605  INFO 2496 --- [restartedMain] c.b.m.MyspringbootAppApplication         : Starting MyspringbootAppApplication using Java 1.8.0_322 on DESKTOP-M7IRV8D with PID 2496 (C:\jdk8_spring\workspace\myspringboot-app\target\classes started by 윤영호 in C:\jdk8_spring\workspace\myspringboot-app)
2022-04-27 16:35:35.606 DEBUG 2496 --- [restartedMain] c.b.m.MyspringbootAppApplication         : Running with Spring Boot v2.5.12, Spring v5.3.18
2022-04-27 16:35:35.606  INFO 2496 --- [restartedMain] c.b.m.MyspringbootAppApplication         : The following 1 profile is active: "test"
2022-04-27 16:35:35.635  INFO 2496 --- [restartedMain] .e.DevToolsPropertyDefaultsPostProcessor : Devtools property defaults active! Set 'spring.devtools.add-properties' to 'false' to disable
2022-04-27 16:35:35.636  INFO 2496 --- [restartedMain] .e.DevToolsPropertyDefaultsPostProcessor : For additional web related logging consider setting the 'logging.level.web' property to 'DEBUG'
2022-04-27 16:35:36.094  INFO 2496 --- [restartedMain] .s.d.r.c.RepositoryConfigurationDelegate : Bootstrapping Spring Data JPA repositories in DEFAULT mode.
2022-04-27 16:35:36.138  INFO 2496 --- [restartedMain] .s.d.r.c.RepositoryConfigurationDelegate : Finished Spring Data repository scanning in 38 ms. Found 3 JPA repository interfaces.
2022-04-27 16:35:36.519  INFO 2496 --- [restartedMain] o.s.b.w.embedded.tomcat.TomcatWebServer  : Tomcat initialized with port(s): 8080 (http)
2022-04-27 16:35:36.532  INFO 2496 --- [restartedMain] o.apache.catalina.core.StandardService   : Starting service [Tomcat]
2022-04-27 16:35:36.533  INFO 2496 --- [restartedMain] org.apache.catalina.core.StandardEngine  : Starting Servlet engine: [Apache Tomcat/9.0.60]
2022-04-27 16:35:36.601  INFO 2496 --- [restartedMain] o.a.c.c.C.[Tomcat].[localhost].[/]       : Initializing Spring embedded WebApplicationContext
2022-04-27 16:35:36.601  INFO 2496 --- [restartedMain] w.s.c.ServletWebServerApplicationContext : Root WebApplicationContext: initialization completed in 965 ms
2022-04-27 16:35:36.623  INFO 2496 --- [restartedMain] com.zaxxer.hikari.HikariDataSource       : HikariPool-1 - Starting...
2022-04-27 16:35:36.651  INFO 2496 --- [restartedMain] com.zaxxer.hikari.HikariDataSource       : HikariPool-1 - Start completed.
2022-04-27 16:35:36.656  INFO 2496 --- [restartedMain] o.s.b.a.h2.H2ConsoleAutoConfiguration    : H2 console available at '/h2-console'. Database available at 'jdbc:mariadb://127.0.0.1:3306/boot_db?useUnicode=true&charaterEncoding=utf-8&useSSL=false&serverTimezone=UTC'
2022-04-27 16:35:36.758  INFO 2496 --- [restartedMain] o.hibernate.jpa.internal.util.LogHelper  : HHH000204: Processing PersistenceUnitInfo [name: default]
2022-04-27 16:35:36.793  INFO 2496 --- [restartedMain] org.hibernate.Version                    : HHH000412: Hibernate ORM core version 5.4.33
2022-04-27 16:35:36.878  INFO 2496 --- [restartedMain] o.hibernate.annotations.common.Version   : HCANN000001: Hibernate Commons Annotations {5.1.2.Final}
2022-04-27 16:35:36.956  INFO 2496 --- [restartedMain] org.hibernate.dialect.Dialect            : HHH000400: Using dialect: org.hibernate.dialect.MariaDB103Dialect
2022-04-27 16:35:37.368  INFO 2496 --- [restartedMain] o.h.e.t.j.p.i.JtaPlatformInitiator       : HHH000490: Using JtaPlatform implementation: [org.hibernate.engine.transaction.jta.platform.internal.NoJtaPlatform]
2022-04-27 16:35:37.377  INFO 2496 --- [restartedMain] j.LocalContainerEntityManagerFactoryBean : Initialized JPA EntityManagerFactory for persistence unit 'default'
2022-04-27 16:35:37.671  WARN 2496 --- [restartedMain] JpaBaseConfiguration$JpaWebConfiguration : spring.jpa.open-in-view is enabled by default. Therefore, database queries may be performed during view rendering. Explicitly configure spring.jpa.open-in-view to disable this warning
2022-04-27 16:35:37.816  INFO 2496 --- [restartedMain] o.s.b.a.w.s.WelcomePageHandlerMapping    : Adding welcome page: class path resource [static/index.html]
2022-04-27 16:35:37.938  INFO 2496 --- [restartedMain] o.s.b.d.a.OptionalLiveReloadServer       : LiveReload server is running on port 35729
2022-04-27 16:35:37.965  INFO 2496 --- [restartedMain] o.s.b.w.embedded.tomcat.TomcatWebServer  : Tomcat started on port(s): 8080 (http) with context path ''
2022-04-27 16:35:37.972  INFO 2496 --- [restartedMain] c.b.m.MyspringbootAppApplication         : Started MyspringbootAppApplication in 2.673 seconds (JVM running for 3.566)
2022-04-27 16:35:50.633  INFO 2496 --- [http-nio-8080-exec-2] o.a.c.c.C.[Tomcat].[localhost].[/]       : Initializing Spring DispatcherServlet 'dispatcherServlet'
2022-04-27 16:35:50.634  INFO 2496 --- [http-nio-8080-exec-2] o.s.web.servlet.DispatcherServlet        : Initializing Servlet 'dispatcherServlet'
2022-04-27 16:35:50.635  INFO 2496 --- [http-nio-8080-exec-2] o.s.web.servlet.DispatcherServlet        : Completed initialization in 1 ms
2022-04-27 16:36:45.858  INFO 2496 --- [Thread-11] j.LocalContainerEntityManagerFactoryBean : Closing JPA EntityManagerFactory for persistence unit 'default'
2022-04-27 16:36:45.860  INFO 2496 --- [Thread-11] com.zaxxer.hikari.HikariDataSource       : HikariPool-1 - Shutdown initiated...
2022-04-27 16:36:45.863  INFO 2496 --- [Thread-11] com.zaxxer.hikari.HikariDataSource       : HikariPool-1 - Shutdown completed.
2022-04-27 16:36:46.059  INFO 2496 --- [restartedMain] c.b.m.MyspringbootAppApplication         : Starting MyspringbootAppApplication using Java 1.8.0_322 on DESKTOP-M7IRV8D with PID 2496 (C:\jdk8_spring\workspace\myspringboot-app\target\classes started by 윤영호 in C:\jdk8_spring\workspace\myspringboot-app)
2022-04-27 16:36:46.060 DEBUG 2496 --- [restartedMain] c.b.m.MyspringbootAppApplication         : Running with Spring Boot v2.5.12, Spring v5.3.18
2022-04-27 16:36:46.060  INFO 2496 --- [restartedMain] c.b.m.MyspringbootAppApplication         : The following 1 profile is active: "test"
2022-04-27 16:36:46.244  INFO 2496 --- [restartedMain] .s.d.r.c.RepositoryConfigurationDelegate : Bootstrapping Spring Data JPA repositories in DEFAULT mode.
2022-04-27 16:36:46.259  INFO 2496 --- [restartedMain] .s.d.r.c.RepositoryConfigurationDelegate : Finished Spring Data repository scanning in 14 ms. Found 3 JPA repository interfaces.
2022-04-27 16:36:46.362  INFO 2496 --- [restartedMain] o.s.b.w.embedded.tomcat.TomcatWebServer  : Tomcat initialized with port(s): 8080 (http)
2022-04-27 16:36:46.362  INFO 2496 --- [restartedMain] o.apache.catalina.core.StandardService   : Starting service [Tomcat]
2022-04-27 16:36:46.362  INFO 2496 --- [restartedMain] org.apache.catalina.core.StandardEngine  : Starting Servlet engine: [Apache Tomcat/9.0.60]
2022-04-27 16:36:46.379  INFO 2496 --- [restartedMain] o.a.c.c.C.[Tomcat].[localhost].[/]       : Initializing Spring embedded WebApplicationContext
2022-04-27 16:36:46.380  INFO 2496 --- [restartedMain] w.s.c.ServletWebServerApplicationContext : Root WebApplicationContext: initialization completed in 318 ms
2022-04-27 16:36:46.387  INFO 2496 --- [restartedMain] com.zaxxer.hikari.HikariDataSource       : HikariPool-2 - Starting...
2022-04-27 16:36:46.389  INFO 2496 --- [restartedMain] com.zaxxer.hikari.HikariDataSource       : HikariPool-2 - Start completed.
2022-04-27 16:36:46.389  INFO 2496 --- [restartedMain] o.s.b.a.h2.H2ConsoleAutoConfiguration    : H2 console available at '/h2-console'. Database available at 'jdbc:mariadb://127.0.0.1:3306/boot_db?useUnicode=true&charaterEncoding=utf-8&useSSL=false&serverTimezone=UTC'
2022-04-27 16:36:46.405  INFO 2496 --- [restartedMain] o.hibernate.jpa.internal.util.LogHelper  : HHH000204: Processing PersistenceUnitInfo [name: default]
2022-04-27 16:36:46.408  INFO 2496 --- [restartedMain] org.hibernate.dialect.Dialect            : HHH000400: Using dialect: org.hibernate.dialect.MariaDB103Dialect
2022-04-27 16:36:46.446  INFO 2496 --- [restartedMain] o.h.e.t.j.p.i.JtaPlatformInitiator       : HHH000490: Using JtaPlatform implementation: [org.hibernate.engine.transaction.jta.platform.internal.NoJtaPlatform]
2022-04-27 16:36:46.447  INFO 2496 --- [restartedMain] j.LocalContainerEntityManagerFactoryBean : Initialized JPA EntityManagerFactory for persistence unit 'default'
2022-04-27 16:36:46.515  WARN 2496 --- [restartedMain] JpaBaseConfiguration$JpaWebConfiguration : spring.jpa.open-in-view is enabled by default. Therefore, database queries may be performed during view rendering. Explicitly configure spring.jpa.open-in-view to disable this warning
2022-04-27 16:36:46.545  INFO 2496 --- [restartedMain] o.s.b.a.w.s.WelcomePageHandlerMapping    : Adding welcome page: class path resource [static/index.html]
2022-04-27 16:36:46.590  INFO 2496 --- [restartedMain] o.s.b.d.a.OptionalLiveReloadServer       : LiveReload server is running on port 35729
2022-04-27 16:36:46.599  INFO 2496 --- [restartedMain] o.s.b.w.embedded.tomcat.TomcatWebServer  : Tomcat started on port(s): 8080 (http) with context path ''
2022-04-27 16:36:46.602  INFO 2496 --- [restartedMain] c.b.m.MyspringbootAppApplication         : Started MyspringbootAppApplication in 0.572 seconds (JVM running for 72.196)
2022-04-27 16:36:46.604  INFO 2496 --- [restartedMain] .ConditionEvaluationDeltaLoggingListener : Condition evaluation unchanged
2022-04-27 16:36:48.315  INFO 2496 --- [Thread-17] j.LocalContainerEntityManagerFactoryBean : Closing JPA EntityManagerFactory for persistence unit 'default'
2022-04-27 16:36:48.316  INFO 2496 --- [Thread-17] com.zaxxer.hikari.HikariDataSource       : HikariPool-2 - Shutdown initiated...
2022-04-27 16:36:48.319  INFO 2496 --- [Thread-17] com.zaxxer.hikari.HikariDataSource       : HikariPool-2 - Shutdown completed.
2022-04-27 16:36:48.468  INFO 2496 --- [restartedMain] c.b.m.MyspringbootAppApplication         : Starting MyspringbootAppApplication using Java 1.8.0_322 on DESKTOP-M7IRV8D with PID 2496 (C:\jdk8_spring\workspace\myspringboot-app\target\classes started by 윤영호 in C:\jdk8_spring\workspace\myspringboot-app)
2022-04-27 16:36:48.469 DEBUG 2496 --- [restartedMain] c.b.m.MyspringbootAppApplication         : Running with Spring Boot v2.5.12, Spring v5.3.18
2022-04-27 16:36:48.469  INFO 2496 --- [restartedMain] c.b.m.MyspringbootAppApplication         : The following 1 profile is active: "test"
2022-04-27 16:36:48.620  INFO 2496 --- [restartedMain] .s.d.r.c.RepositoryConfigurationDelegate : Bootstrapping Spring Data JPA repositories in DEFAULT mode.
2022-04-27 16:36:48.633  INFO 2496 --- [restartedMain] .s.d.r.c.RepositoryConfigurationDelegate : Finished Spring Data repository scanning in 12 ms. Found 3 JPA repository interfaces.
2022-04-27 16:36:48.687  INFO 2496 --- [restartedMain] o.s.b.w.embedded.tomcat.TomcatWebServer  : Tomcat initialized with port(s): 8080 (http)
2022-04-27 16:36:48.688  INFO 2496 --- [restartedMain] o.apache.catalina.core.StandardService   : Starting service [Tomcat]
2022-04-27 16:36:48.688  INFO 2496 --- [restartedMain] org.apache.catalina.core.StandardEngine  : Starting Servlet engine: [Apache Tomcat/9.0.60]
2022-04-27 16:36:48.701  INFO 2496 --- [restartedMain] o.a.c.c.C.[Tomcat].[localhost].[/]       : Initializing Spring embedded WebApplicationContext
2022-04-27 16:36:48.701  INFO 2496 --- [restartedMain] w.s.c.ServletWebServerApplicationContext : Root WebApplicationContext: initialization completed in 230 ms
2022-04-27 16:36:48.709  INFO 2496 --- [restartedMain] com.zaxxer.hikari.HikariDataSource       : HikariPool-3 - Starting...
2022-04-27 16:36:48.711  INFO 2496 --- [restartedMain] com.zaxxer.hikari.HikariDataSource       : HikariPool-3 - Start completed.
2022-04-27 16:36:48.711  INFO 2496 --- [restartedMain] o.s.b.a.h2.H2ConsoleAutoConfiguration    : H2 console available at '/h2-console'. Database available at 'jdbc:mariadb://127.0.0.1:3306/boot_db?useUnicode=true&charaterEncoding=utf-8&useSSL=false&serverTimezone=UTC'
2022-04-27 16:36:48.726  INFO 2496 --- [restartedMain] o.hibernate.jpa.internal.util.LogHelper  : HHH000204: Processing PersistenceUnitInfo [name: default]
2022-04-27 16:36:48.729  INFO 2496 --- [restartedMain] org.hibernate.dialect.Dialect            : HHH000400: Using dialect: org.hibernate.dialect.MariaDB103Dialect
2022-04-27 16:36:48.764  INFO 2496 --- [restartedMain] o.h.e.t.j.p.i.JtaPlatformInitiator       : HHH000490: Using JtaPlatform implementation: [org.hibernate.engine.transaction.jta.platform.internal.NoJtaPlatform]
2022-04-27 16:36:48.765  INFO 2496 --- [restartedMain] j.LocalContainerEntityManagerFactoryBean : Initialized JPA EntityManagerFactory for persistence unit 'default'
2022-04-27 16:36:48.822  WARN 2496 --- [restartedMain] JpaBaseConfiguration$JpaWebConfiguration : spring.jpa.open-in-view is enabled by default. Therefore, database queries may be performed during view rendering. Explicitly configure spring.jpa.open-in-view to disable this warning
2022-04-27 16:36:48.850  INFO 2496 --- [restartedMain] o.s.b.a.w.s.WelcomePageHandlerMapping    : Adding welcome page: class path resource [static/index.html]
2022-04-27 16:36:48.889  INFO 2496 --- [restartedMain] o.s.b.d.a.OptionalLiveReloadServer       : LiveReload server is running on port 35729
2022-04-27 16:36:48.896  INFO 2496 --- [restartedMain] o.s.b.w.embedded.tomcat.TomcatWebServer  : Tomcat started on port(s): 8080 (http) with context path ''
2022-04-27 16:36:48.900  INFO 2496 --- [restartedMain] c.b.m.MyspringbootAppApplication         : Started MyspringbootAppApplication in 0.46 seconds (JVM running for 74.494)
2022-04-27 16:36:48.901  INFO 2496 --- [restartedMain] .ConditionEvaluationDeltaLoggingListener : Condition evaluation unchanged
2022-04-27 16:41:33.318  INFO 2496 --- [Thread-21] j.LocalContainerEntityManagerFactoryBean : Closing JPA EntityManagerFactory for persistence unit 'default'
2022-04-27 16:41:33.319  INFO 2496 --- [Thread-21] com.zaxxer.hikari.HikariDataSource       : HikariPool-3 - Shutdown initiated...
2022-04-27 16:41:33.322  INFO 2496 --- [Thread-21] com.zaxxer.hikari.HikariDataSource       : HikariPool-3 - Shutdown completed.
2022-04-27 16:41:33.485  INFO 2496 --- [restartedMain] c.b.m.MyspringbootAppApplication         : Starting MyspringbootAppApplication using Java 1.8.0_322 on DESKTOP-M7IRV8D with PID 2496 (C:\jdk8_spring\workspace\myspringboot-app\target\classes started by 윤영호 in C:\jdk8_spring\workspace\myspringboot-app)
2022-04-27 16:41:33.485 DEBUG 2496 --- [restartedMain] c.b.m.MyspringbootAppApplication         : Running with Spring Boot v2.5.12, Spring v5.3.18
2022-04-27 16:41:33.485  INFO 2496 --- [restartedMain] c.b.m.MyspringbootAppApplication         : The following 1 profile is active: "test"
2022-04-27 16:41:33.655  INFO 2496 --- [restartedMain] .s.d.r.c.RepositoryConfigurationDelegate : Bootstrapping Spring Data JPA repositories in DEFAULT mode.
2022-04-27 16:41:33.670  INFO 2496 --- [restartedMain] .s.d.r.c.RepositoryConfigurationDelegate : Finished Spring Data repository scanning in 14 ms. Found 3 JPA repository interfaces.
2022-04-27 16:41:33.764  INFO 2496 --- [restartedMain] o.s.b.w.embedded.tomcat.TomcatWebServer  : Tomcat initialized with port(s): 8080 (http)
2022-04-27 16:41:33.764  INFO 2496 --- [restartedMain] o.apache.catalina.core.StandardService   : Starting service [Tomcat]
2022-04-27 16:41:33.764  INFO 2496 --- [restartedMain] org.apache.catalina.core.StandardEngine  : Starting Servlet engine: [Apache Tomcat/9.0.60]
2022-04-27 16:41:33.780  INFO 2496 --- [restartedMain] o.a.c.c.C.[Tomcat].[localhost].[/]       : Initializing Spring embedded WebApplicationContext
2022-04-27 16:41:33.780  INFO 2496 --- [restartedMain] w.s.c.ServletWebServerApplicationContext : Root WebApplicationContext: initialization completed in 293 ms
2022-04-27 16:41:33.789  INFO 2496 --- [restartedMain] com.zaxxer.hikari.HikariDataSource       : HikariPool-4 - Starting...
2022-04-27 16:41:33.791  INFO 2496 --- [restartedMain] com.zaxxer.hikari.HikariDataSource       : HikariPool-4 - Start completed.
2022-04-27 16:41:33.791  INFO 2496 --- [restartedMain] o.s.b.a.h2.H2ConsoleAutoConfiguration    : H2 console available at '/h2-console'. Database available at 'jdbc:mariadb://127.0.0.1:3306/boot_db?useUnicode=true&charaterEncoding=utf-8&useSSL=false&serverTimezone=UTC'
2022-04-27 16:41:33.808  INFO 2496 --- [restartedMain] o.hibernate.jpa.internal.util.LogHelper  : HHH000204: Processing PersistenceUnitInfo [name: default]
2022-04-27 16:41:33.811  INFO 2496 --- [restartedMain] org.hibernate.dialect.Dialect            : HHH000400: Using dialect: org.hibernate.dialect.MariaDB103Dialect
2022-04-27 16:41:33.848  INFO 2496 --- [restartedMain] o.h.e.t.j.p.i.JtaPlatformInitiator       : HHH000490: Using JtaPlatform implementation: [org.hibernate.engine.transaction.jta.platform.internal.NoJtaPlatform]
2022-04-27 16:41:33.849  INFO 2496 --- [restartedMain] j.LocalContainerEntityManagerFactoryBean : Initialized JPA EntityManagerFactory for persistence unit 'default'
2022-04-27 16:41:33.911  WARN 2496 --- [restartedMain] JpaBaseConfiguration$JpaWebConfiguration : spring.jpa.open-in-view is enabled by default. Therefore, database queries may be performed during view rendering. Explicitly configure spring.jpa.open-in-view to disable this warning
2022-04-27 16:41:33.943  INFO 2496 --- [restartedMain] o.s.b.a.w.s.WelcomePageHandlerMapping    : Adding welcome page: class path resource [static/index.html]
2022-04-27 16:41:33.990  INFO 2496 --- [restartedMain] o.s.b.d.a.OptionalLiveReloadServer       : LiveReload server is running on port 35729
2022-04-27 16:41:33.998  INFO 2496 --- [restartedMain] o.s.b.w.embedded.tomcat.TomcatWebServer  : Tomcat started on port(s): 8080 (http) with context path ''
2022-04-27 16:41:34.002  INFO 2496 --- [restartedMain] c.b.m.MyspringbootAppApplication         : Started MyspringbootAppApplication in 0.544 seconds (JVM running for 359.596)
2022-04-27 16:41:34.003  INFO 2496 --- [restartedMain] .ConditionEvaluationDeltaLoggingListener : Condition evaluation unchanged
2022-04-27 16:42:26.634  INFO 2496 --- [Thread-25] j.LocalContainerEntityManagerFactoryBean : Closing JPA EntityManagerFactory for persistence unit 'default'
2022-04-27 16:42:26.635  INFO 2496 --- [Thread-25] com.zaxxer.hikari.HikariDataSource       : HikariPool-4 - Shutdown initiated...
2022-04-27 16:42:26.638  INFO 2496 --- [Thread-25] com.zaxxer.hikari.HikariDataSource       : HikariPool-4 - Shutdown completed.
2022-04-27 16:42:26.790  INFO 2496 --- [restartedMain] c.b.m.MyspringbootAppApplication         : Starting MyspringbootAppApplication using Java 1.8.0_322 on DESKTOP-M7IRV8D with PID 2496 (C:\jdk8_spring\workspace\myspringboot-app\target\classes started by 윤영호 in C:\jdk8_spring\workspace\myspringboot-app)
2022-04-27 16:42:26.790 DEBUG 2496 --- [restartedMain] c.b.m.MyspringbootAppApplication         : Running with Spring Boot v2.5.12, Spring v5.3.18
2022-04-27 16:42:26.790  INFO 2496 --- [restartedMain] c.b.m.MyspringbootAppApplication         : The following 1 profile is active: "test"
2022-04-27 16:42:26.959  INFO 2496 --- [restartedMain] .s.d.r.c.RepositoryConfigurationDelegate : Bootstrapping Spring Data JPA repositories in DEFAULT mode.
2022-04-27 16:42:26.974  INFO 2496 --- [restartedMain] .s.d.r.c.RepositoryConfigurationDelegate : Finished Spring Data repository scanning in 14 ms. Found 3 JPA repository interfaces.
2022-04-27 16:42:27.079  INFO 2496 --- [restartedMain] o.s.b.w.embedded.tomcat.TomcatWebServer  : Tomcat initialized with port(s): 8080 (http)
2022-04-27 16:42:27.080  INFO 2496 --- [restartedMain] o.apache.catalina.core.StandardService   : Starting service [Tomcat]
2022-04-27 16:42:27.080  INFO 2496 --- [restartedMain] org.apache.catalina.core.StandardEngine  : Starting Servlet engine: [Apache Tomcat/9.0.60]
2022-04-27 16:42:27.094  INFO 2496 --- [restartedMain] o.a.c.c.C.[Tomcat].[localhost].[/]       : Initializing Spring embedded WebApplicationContext
2022-04-27 16:42:27.094  INFO 2496 --- [restartedMain] w.s.c.ServletWebServerApplicationContext : Root WebApplicationContext: initialization completed in 302 ms
2022-04-27 16:42:27.102  INFO 2496 --- [restartedMain] com.zaxxer.hikari.HikariDataSource       : HikariPool-5 - Starting...
2022-04-27 16:42:27.104  INFO 2496 --- [restartedMain] com.zaxxer.hikari.HikariDataSource       : HikariPool-5 - Start completed.
2022-04-27 16:42:27.104  INFO 2496 --- [restartedMain] o.s.b.a.h2.H2ConsoleAutoConfiguration    : H2 console available at '/h2-console'. Database available at 'jdbc:mariadb://127.0.0.1:3306/boot_db?useUnicode=true&charaterEncoding=utf-8&useSSL=false&serverTimezone=UTC'
2022-04-27 16:42:27.131  INFO 2496 --- [restartedMain] o.hibernate.jpa.internal.util.LogHelper  : HHH000204: Processing PersistenceUnitInfo [name: default]
2022-04-27 16:42:27.135  INFO 2496 --- [restartedMain] org.hibernate.dialect.Dialect            : HHH000400: Using dialect: org.hibernate.dialect.MariaDB103Dialect
2022-04-27 16:42:27.169  INFO 2496 --- [restartedMain] o.h.e.t.j.p.i.JtaPlatformInitiator       : HHH000490: Using JtaPlatform implementation: [org.hibernate.engine.transaction.jta.platform.internal.NoJtaPlatform]
2022-04-27 16:42:27.170  INFO 2496 --- [restartedMain] j.LocalContainerEntityManagerFactoryBean : Initialized JPA EntityManagerFactory for persistence unit 'default'
2022-04-27 16:42:27.234  WARN 2496 --- [restartedMain] JpaBaseConfiguration$JpaWebConfiguration : spring.jpa.open-in-view is enabled by default. Therefore, database queries may be performed during view rendering. Explicitly configure spring.jpa.open-in-view to disable this warning
2022-04-27 16:42:27.264  INFO 2496 --- [restartedMain] o.s.b.a.w.s.WelcomePageHandlerMapping    : Adding welcome page: class path resource [static/index.html]
2022-04-27 16:42:27.313  INFO 2496 --- [restartedMain] o.s.b.d.a.OptionalLiveReloadServer       : LiveReload server is running on port 35729
2022-04-27 16:42:27.322  INFO 2496 --- [restartedMain] o.s.b.w.embedded.tomcat.TomcatWebServer  : Tomcat started on port(s): 8080 (http) with context path ''
2022-04-27 16:42:27.325  INFO 2496 --- [restartedMain] c.b.m.MyspringbootAppApplication         : Started MyspringbootAppApplication in 0.563 seconds (JVM running for 412.919)
2022-04-27 16:42:27.328  INFO 2496 --- [restartedMain] .ConditionEvaluationDeltaLoggingListener : Condition evaluation unchanged
2022-04-27 16:42:28.238  INFO 2496 --- [http-nio-8080-exec-1] o.a.c.c.C.[Tomcat].[localhost].[/]       : Initializing Spring DispatcherServlet 'dispatcherServlet'
2022-04-27 16:42:28.238  INFO 2496 --- [http-nio-8080-exec-1] o.s.web.servlet.DispatcherServlet        : Initializing Servlet 'dispatcherServlet'
2022-04-27 16:42:28.239  INFO 2496 --- [http-nio-8080-exec-1] o.s.web.servlet.DispatcherServlet        : Completed initialization in 1 ms
2022-04-27 16:42:29.037  INFO 2496 --- [Thread-29] j.LocalContainerEntityManagerFactoryBean : Closing JPA EntityManagerFactory for persistence unit 'default'
2022-04-27 16:42:29.037  INFO 2496 --- [Thread-29] com.zaxxer.hikari.HikariDataSource       : HikariPool-5 - Shutdown initiated...
2022-04-27 16:42:29.040  INFO 2496 --- [Thread-29] com.zaxxer.hikari.HikariDataSource       : HikariPool-5 - Shutdown completed.
2022-04-27 16:42:29.149  INFO 2496 --- [restartedMain] c.b.m.MyspringbootAppApplication         : Starting MyspringbootAppApplication using Java 1.8.0_322 on DESKTOP-M7IRV8D with PID 2496 (C:\jdk8_spring\workspace\myspringboot-app\target\classes started by 윤영호 in C:\jdk8_spring\workspace\myspringboot-app)
2022-04-27 16:42:29.149 DEBUG 2496 --- [restartedMain] c.b.m.MyspringbootAppApplication         : Running with Spring Boot v2.5.12, Spring v5.3.18
2022-04-27 16:42:29.149  INFO 2496 --- [restartedMain] c.b.m.MyspringbootAppApplication         : The following 1 profile is active: "test"
2022-04-27 16:42:29.282  INFO 2496 --- [restartedMain] .s.d.r.c.RepositoryConfigurationDelegate : Bootstrapping Spring Data JPA repositories in DEFAULT mode.
2022-04-27 16:42:29.294  INFO 2496 --- [restartedMain] .s.d.r.c.RepositoryConfigurationDelegate : Finished Spring Data repository scanning in 12 ms. Found 3 JPA repository interfaces.
2022-04-27 16:42:29.343  INFO 2496 --- [restartedMain] o.s.b.w.embedded.tomcat.TomcatWebServer  : Tomcat initialized with port(s): 8080 (http)
2022-04-27 16:42:29.344  INFO 2496 --- [restartedMain] o.apache.catalina.core.StandardService   : Starting service [Tomcat]
2022-04-27 16:42:29.344  INFO 2496 --- [restartedMain] org.apache.catalina.core.StandardEngine  : Starting Servlet engine: [Apache Tomcat/9.0.60]
2022-04-27 16:42:29.357  INFO 2496 --- [restartedMain] o.a.c.c.C.[Tomcat].[localhost].[/]       : Initializing Spring embedded WebApplicationContext
2022-04-27 16:42:29.357  INFO 2496 --- [restartedMain] w.s.c.ServletWebServerApplicationContext : Root WebApplicationContext: initialization completed in 206 ms
2022-04-27 16:42:29.364  INFO 2496 --- [restartedMain] com.zaxxer.hikari.HikariDataSource       : HikariPool-6 - Starting...
2022-04-27 16:42:29.365  INFO 2496 --- [restartedMain] com.zaxxer.hikari.HikariDataSource       : HikariPool-6 - Start completed.
2022-04-27 16:42:29.365  INFO 2496 --- [restartedMain] o.s.b.a.h2.H2ConsoleAutoConfiguration    : H2 console available at '/h2-console'. Database available at 'jdbc:mariadb://127.0.0.1:3306/boot_db?useUnicode=true&charaterEncoding=utf-8&useSSL=false&serverTimezone=UTC'
2022-04-27 16:42:29.379  INFO 2496 --- [restartedMain] o.hibernate.jpa.internal.util.LogHelper  : HHH000204: Processing PersistenceUnitInfo [name: default]
2022-04-27 16:42:29.382  INFO 2496 --- [restartedMain] org.hibernate.dialect.Dialect            : HHH000400: Using dialect: org.hibernate.dialect.MariaDB103Dialect
2022-04-27 16:42:29.416  INFO 2496 --- [restartedMain] o.h.e.t.j.p.i.JtaPlatformInitiator       : HHH000490: Using JtaPlatform implementation: [org.hibernate.engine.transaction.jta.platform.internal.NoJtaPlatform]
2022-04-27 16:42:29.416  INFO 2496 --- [restartedMain] j.LocalContainerEntityManagerFactoryBean : Initialized JPA EntityManagerFactory for persistence unit 'default'
2022-04-27 16:42:29.473  WARN 2496 --- [restartedMain] JpaBaseConfiguration$JpaWebConfiguration : spring.jpa.open-in-view is enabled by default. Therefore, database queries may be performed during view rendering. Explicitly configure spring.jpa.open-in-view to disable this warning
2022-04-27 16:42:29.499  INFO 2496 --- [restartedMain] o.s.b.a.w.s.WelcomePageHandlerMapping    : Adding welcome page: class path resource [static/index.html]
2022-04-27 16:42:29.537  INFO 2496 --- [restartedMain] o.s.b.d.a.OptionalLiveReloadServer       : LiveReload server is running on port 35729
2022-04-27 16:42:29.545  INFO 2496 --- [restartedMain] o.s.b.w.embedded.tomcat.TomcatWebServer  : Tomcat started on port(s): 8080 (http) with context path ''
2022-04-27 16:42:29.548  INFO 2496 --- [restartedMain] c.b.m.MyspringbootAppApplication         : Started MyspringbootAppApplication in 0.421 seconds (JVM running for 415.141)
2022-04-27 16:42:29.549  INFO 2496 --- [restartedMain] .ConditionEvaluationDeltaLoggingListener : Condition evaluation unchanged
2022-04-27 16:42:31.435  INFO 2496 --- [http-nio-8080-exec-1] o.a.c.c.C.[Tomcat].[localhost].[/]       : Initializing Spring DispatcherServlet 'dispatcherServlet'
2022-04-27 16:42:31.436  INFO 2496 --- [http-nio-8080-exec-1] o.s.web.servlet.DispatcherServlet        : Initializing Servlet 'dispatcherServlet'
2022-04-27 16:42:31.437  INFO 2496 --- [http-nio-8080-exec-1] o.s.web.servlet.DispatcherServlet        : Completed initialization in 1 ms
2022-04-27 16:43:30.258 DEBUG 2496 --- [http-nio-8080-exec-9] c.b.m.controller.UserController          : user com.basic.myspringboot.entity.User@46fb8cad
2022-04-27 16:43:30.258  INFO 2496 --- [http-nio-8080-exec-9] c.b.m.controller.UserController          : userForm com.basic.myspringboot.controller.form.UserForm@101c96cc
2022-04-27 16:43:36.521 DEBUG 2496 --- [http-nio-8080-exec-1] c.b.m.controller.UserController          : userForm com.basic.myspringboot.controller.form.UserForm@554f4758
2022-04-27 16:43:39.297 DEBUG 2496 --- [http-nio-8080-exec-2] c.b.m.controller.UserController          : user com.basic.myspringboot.entity.User@50995103
2022-04-27 16:43:39.297  INFO 2496 --- [http-nio-8080-exec-2] c.b.m.controller.UserController          : userForm com.basic.myspringboot.controller.form.UserForm@6bd9f921
2022-04-27 16:43:48.372 DEBUG 2496 --- [http-nio-8080-exec-3] c.b.m.controller.UserController          : userForm com.basic.myspringboot.controller.form.UserForm@4b25b471
2022-04-27 16:49:52.234  INFO 2496 --- [Thread-33] j.LocalContainerEntityManagerFactoryBean : Closing JPA EntityManagerFactory for persistence unit 'default'
2022-04-27 16:49:52.235  INFO 2496 --- [Thread-33] com.zaxxer.hikari.HikariDataSource       : HikariPool-6 - Shutdown initiated...
2022-04-27 16:49:52.237  INFO 2496 --- [Thread-33] com.zaxxer.hikari.HikariDataSource       : HikariPool-6 - Shutdown completed.
2022-04-27 16:49:52.418  INFO 2496 --- [restartedMain] c.b.m.MyspringbootAppApplication         : Starting MyspringbootAppApplication using Java 1.8.0_322 on DESKTOP-M7IRV8D with PID 2496 (C:\jdk8_spring\workspace\myspringboot-app\target\classes started by 윤영호 in C:\jdk8_spring\workspace\myspringboot-app)
2022-04-27 16:49:52.418 DEBUG 2496 --- [restartedMain] c.b.m.MyspringbootAppApplication         : Running with Spring Boot v2.5.12, Spring v5.3.18
2022-04-27 16:49:52.418  INFO 2496 --- [restartedMain] c.b.m.MyspringbootAppApplication         : The following 1 profile is active: "test"
2022-04-27 16:49:52.562  INFO 2496 --- [restartedMain] .s.d.r.c.RepositoryConfigurationDelegate : Bootstrapping Spring Data JPA repositories in DEFAULT mode.
2022-04-27 16:49:52.574  INFO 2496 --- [restartedMain] .s.d.r.c.RepositoryConfigurationDelegate : Finished Spring Data repository scanning in 11 ms. Found 3 JPA repository interfaces.
2022-04-27 16:49:52.672  INFO 2496 --- [restartedMain] o.s.b.w.embedded.tomcat.TomcatWebServer  : Tomcat initialized with port(s): 8080 (http)
2022-04-27 16:49:52.672  INFO 2496 --- [restartedMain] o.apache.catalina.core.StandardService   : Starting service [Tomcat]
2022-04-27 16:49:52.672  INFO 2496 --- [restartedMain] org.apache.catalina.core.StandardEngine  : Starting Servlet engine: [Apache Tomcat/9.0.60]
2022-04-27 16:49:52.686  INFO 2496 --- [restartedMain] o.a.c.c.C.[Tomcat].[localhost].[/]       : Initializing Spring embedded WebApplicationContext
2022-04-27 16:49:52.686  INFO 2496 --- [restartedMain] w.s.c.ServletWebServerApplicationContext : Root WebApplicationContext: initialization completed in 266 ms
2022-04-27 16:49:52.693  INFO 2496 --- [restartedMain] com.zaxxer.hikari.HikariDataSource       : HikariPool-7 - Starting...
2022-04-27 16:49:52.696  INFO 2496 --- [restartedMain] com.zaxxer.hikari.HikariDataSource       : HikariPool-7 - Start completed.
2022-04-27 16:49:52.696  INFO 2496 --- [restartedMain] o.s.b.a.h2.H2ConsoleAutoConfiguration    : H2 console available at '/h2-console'. Database available at 'jdbc:mariadb://127.0.0.1:3306/boot_db?useUnicode=true&charaterEncoding=utf-8&useSSL=false&serverTimezone=UTC'
2022-04-27 16:49:52.711  INFO 2496 --- [restartedMain] o.hibernate.jpa.internal.util.LogHelper  : HHH000204: Processing PersistenceUnitInfo [name: default]
2022-04-27 16:49:52.714  INFO 2496 --- [restartedMain] org.hibernate.dialect.Dialect            : HHH000400: Using dialect: org.hibernate.dialect.MariaDB103Dialect
2022-04-27 16:49:52.750  INFO 2496 --- [restartedMain] o.h.e.t.j.p.i.JtaPlatformInitiator       : HHH000490: Using JtaPlatform implementation: [org.hibernate.engine.transaction.jta.platform.internal.NoJtaPlatform]
2022-04-27 16:49:52.750  INFO 2496 --- [restartedMain] j.LocalContainerEntityManagerFactoryBean : Initialized JPA EntityManagerFactory for persistence unit 'default'
2022-04-27 16:49:52.814  WARN 2496 --- [restartedMain] JpaBaseConfiguration$JpaWebConfiguration : spring.jpa.open-in-view is enabled by default. Therefore, database queries may be performed during view rendering. Explicitly configure spring.jpa.open-in-view to disable this warning
2022-04-27 16:49:52.839  INFO 2496 --- [restartedMain] o.s.b.a.w.s.WelcomePageHandlerMapping    : Adding welcome page: class path resource [static/index.html]
2022-04-27 16:49:52.882  INFO 2496 --- [restartedMain] o.s.b.d.a.OptionalLiveReloadServer       : LiveReload server is running on port 35729
2022-04-27 16:49:52.891  INFO 2496 --- [restartedMain] o.s.b.w.embedded.tomcat.TomcatWebServer  : Tomcat started on port(s): 8080 (http) with context path ''
2022-04-27 16:49:52.894  INFO 2496 --- [restartedMain] c.b.m.MyspringbootAppApplication         : Started MyspringbootAppApplication in 0.499 seconds (JVM running for 858.489)
2022-04-27 16:49:52.896  INFO 2496 --- [restartedMain] .ConditionEvaluationDeltaLoggingListener : Condition evaluation unchanged
2022-04-27 16:53:31.391  INFO 2496 --- [Thread-37] j.LocalContainerEntityManagerFactoryBean : Closing JPA EntityManagerFactory for persistence unit 'default'
2022-04-27 16:53:31.392  INFO 2496 --- [Thread-37] com.zaxxer.hikari.HikariDataSource       : HikariPool-7 - Shutdown initiated...
2022-04-27 16:53:31.395  INFO 2496 --- [Thread-37] com.zaxxer.hikari.HikariDataSource       : HikariPool-7 - Shutdown completed.
2022-04-27 16:53:31.529  INFO 2496 --- [restartedMain] c.b.m.MyspringbootAppApplication         : Starting MyspringbootAppApplication using Java 1.8.0_322 on DESKTOP-M7IRV8D with PID 2496 (C:\jdk8_spring\workspace\myspringboot-app\target\classes started by 윤영호 in C:\jdk8_spring\workspace\myspringboot-app)
2022-04-27 16:53:31.529 DEBUG 2496 --- [restartedMain] c.b.m.MyspringbootAppApplication         : Running with Spring Boot v2.5.12, Spring v5.3.18
2022-04-27 16:53:31.529  INFO 2496 --- [restartedMain] c.b.m.MyspringbootAppApplication         : The following 1 profile is active: "test"
2022-04-27 16:53:31.700  INFO 2496 --- [restartedMain] .s.d.r.c.RepositoryConfigurationDelegate : Bootstrapping Spring Data JPA repositories in DEFAULT mode.
2022-04-27 16:53:31.718  INFO 2496 --- [restartedMain] .s.d.r.c.RepositoryConfigurationDelegate : Finished Spring Data repository scanning in 17 ms. Found 3 JPA repository interfaces.
2022-04-27 16:53:31.803  INFO 2496 --- [restartedMain] o.s.b.w.embedded.tomcat.TomcatWebServer  : Tomcat initialized with port(s): 8080 (http)
2022-04-27 16:53:31.803  INFO 2496 --- [restartedMain] o.apache.catalina.core.StandardService   : Starting service [Tomcat]
2022-04-27 16:53:31.803  INFO 2496 --- [restartedMain] org.apache.catalina.core.StandardEngine  : Starting Servlet engine: [Apache Tomcat/9.0.60]
2022-04-27 16:53:31.817  INFO 2496 --- [restartedMain] o.a.c.c.C.[Tomcat].[localhost].[/]       : Initializing Spring embedded WebApplicationContext
2022-04-27 16:53:31.817  INFO 2496 --- [restartedMain] w.s.c.ServletWebServerApplicationContext : Root WebApplicationContext: initialization completed in 286 ms
2022-04-27 16:53:31.824  INFO 2496 --- [restartedMain] com.zaxxer.hikari.HikariDataSource       : HikariPool-8 - Starting...
2022-04-27 16:53:31.825  INFO 2496 --- [restartedMain] com.zaxxer.hikari.HikariDataSource       : HikariPool-8 - Start completed.
2022-04-27 16:53:31.826  INFO 2496 --- [restartedMain] o.s.b.a.h2.H2ConsoleAutoConfiguration    : H2 console available at '/h2-console'. Database available at 'jdbc:mariadb://127.0.0.1:3306/boot_db?useUnicode=true&charaterEncoding=utf-8&useSSL=false&serverTimezone=UTC'
2022-04-27 16:53:31.842  INFO 2496 --- [restartedMain] o.hibernate.jpa.internal.util.LogHelper  : HHH000204: Processing PersistenceUnitInfo [name: default]
2022-04-27 16:53:31.846  INFO 2496 --- [restartedMain] org.hibernate.dialect.Dialect            : HHH000400: Using dialect: org.hibernate.dialect.MariaDB103Dialect
2022-04-27 16:53:31.884  INFO 2496 --- [restartedMain] o.h.e.t.j.p.i.JtaPlatformInitiator       : HHH000490: Using JtaPlatform implementation: [org.hibernate.engine.transaction.jta.platform.internal.NoJtaPlatform]
2022-04-27 16:53:31.884  INFO 2496 --- [restartedMain] j.LocalContainerEntityManagerFactoryBean : Initialized JPA EntityManagerFactory for persistence unit 'default'
2022-04-27 16:53:31.949  WARN 2496 --- [restartedMain] JpaBaseConfiguration$JpaWebConfiguration : spring.jpa.open-in-view is enabled by default. Therefore, database queries may be performed during view rendering. Explicitly configure spring.jpa.open-in-view to disable this warning
2022-04-27 16:53:31.979  INFO 2496 --- [restartedMain] o.s.b.a.w.s.WelcomePageHandlerMapping    : Adding welcome page: class path resource [static/index.html]
2022-04-27 16:53:32.024  INFO 2496 --- [restartedMain] o.s.b.d.a.OptionalLiveReloadServer       : LiveReload server is running on port 35729
2022-04-27 16:53:32.033  INFO 2496 --- [restartedMain] o.s.b.w.embedded.tomcat.TomcatWebServer  : Tomcat started on port(s): 8080 (http) with context path ''
2022-04-27 16:53:32.036  INFO 2496 --- [restartedMain] c.b.m.MyspringbootAppApplication         : Started MyspringbootAppApplication in 0.539 seconds (JVM running for 1077.63)
2022-04-27 16:53:32.038  INFO 2496 --- [restartedMain] .ConditionEvaluationDeltaLoggingListener : Condition evaluation unchanged
2022-04-27 16:54:20.632  INFO 2496 --- [Thread-41] j.LocalContainerEntityManagerFactoryBean : Closing JPA EntityManagerFactory for persistence unit 'default'
2022-04-27 16:54:20.633  INFO 2496 --- [Thread-41] com.zaxxer.hikari.HikariDataSource       : HikariPool-8 - Shutdown initiated...
2022-04-27 16:54:20.635  INFO 2496 --- [Thread-41] com.zaxxer.hikari.HikariDataSource       : HikariPool-8 - Shutdown completed.
2022-04-27 16:54:20.792  INFO 2496 --- [restartedMain] c.b.m.MyspringbootAppApplication         : Starting MyspringbootAppApplication using Java 1.8.0_322 on DESKTOP-M7IRV8D with PID 2496 (C:\jdk8_spring\workspace\myspringboot-app\target\classes started by 윤영호 in C:\jdk8_spring\workspace\myspringboot-app)
2022-04-27 16:54:20.792 DEBUG 2496 --- [restartedMain] c.b.m.MyspringbootAppApplication         : Running with Spring Boot v2.5.12, Spring v5.3.18
2022-04-27 16:54:20.792  INFO 2496 --- [restartedMain] c.b.m.MyspringbootAppApplication         : The following 1 profile is active: "test"
2022-04-27 16:54:20.930  INFO 2496 --- [restartedMain] .s.d.r.c.RepositoryConfigurationDelegate : Bootstrapping Spring Data JPA repositories in DEFAULT mode.
2022-04-27 16:54:20.941  INFO 2496 --- [restartedMain] .s.d.r.c.RepositoryConfigurationDelegate : Finished Spring Data repository scanning in 11 ms. Found 3 JPA repository interfaces.
2022-04-27 16:54:21.032  INFO 2496 --- [restartedMain] o.s.b.w.embedded.tomcat.TomcatWebServer  : Tomcat initialized with port(s): 8080 (http)
2022-04-27 16:54:21.032  INFO 2496 --- [restartedMain] o.apache.catalina.core.StandardService   : Starting service [Tomcat]
2022-04-27 16:54:21.033  INFO 2496 --- [restartedMain] org.apache.catalina.core.StandardEngine  : Starting Servlet engine: [Apache Tomcat/9.0.60]
2022-04-27 16:54:21.046  INFO 2496 --- [restartedMain] o.a.c.c.C.[Tomcat].[localhost].[/]       : Initializing Spring embedded WebApplicationContext
2022-04-27 16:54:21.046  INFO 2496 --- [restartedMain] w.s.c.ServletWebServerApplicationContext : Root WebApplicationContext: initialization completed in 252 ms
2022-04-27 16:54:21.053  INFO 2496 --- [restartedMain] com.zaxxer.hikari.HikariDataSource       : HikariPool-9 - Starting...
2022-04-27 16:54:21.055  INFO 2496 --- [restartedMain] com.zaxxer.hikari.HikariDataSource       : HikariPool-9 - Start completed.
2022-04-27 16:54:21.055  INFO 2496 --- [restartedMain] o.s.b.a.h2.H2ConsoleAutoConfiguration    : H2 console available at '/h2-console'. Database available at 'jdbc:mariadb://127.0.0.1:3306/boot_db?useUnicode=true&charaterEncoding=utf-8&useSSL=false&serverTimezone=UTC'
2022-04-27 16:54:21.070  INFO 2496 --- [restartedMain] o.hibernate.jpa.internal.util.LogHelper  : HHH000204: Processing PersistenceUnitInfo [name: default]
2022-04-27 16:54:21.074  INFO 2496 --- [restartedMain] org.hibernate.dialect.Dialect            : HHH000400: Using dialect: org.hibernate.dialect.MariaDB103Dialect
2022-04-27 16:54:21.106  INFO 2496 --- [restartedMain] o.h.e.t.j.p.i.JtaPlatformInitiator       : HHH000490: Using JtaPlatform implementation: [org.hibernate.engine.transaction.jta.platform.internal.NoJtaPlatform]
2022-04-27 16:54:21.106  INFO 2496 --- [restartedMain] j.LocalContainerEntityManagerFactoryBean : Initialized JPA EntityManagerFactory for persistence unit 'default'
2022-04-27 16:54:21.169  WARN 2496 --- [restartedMain] JpaBaseConfiguration$JpaWebConfiguration : spring.jpa.open-in-view is enabled by default. Therefore, database queries may be performed during view rendering. Explicitly configure spring.jpa.open-in-view to disable this warning
2022-04-27 16:54:21.193  INFO 2496 --- [restartedMain] o.s.b.a.w.s.WelcomePageHandlerMapping    : Adding welcome page: class path resource [static/index.html]
2022-04-27 16:54:21.234  INFO 2496 --- [restartedMain] o.s.b.d.a.OptionalLiveReloadServer       : LiveReload server is running on port 35729
2022-04-27 16:54:21.241  INFO 2496 --- [restartedMain] o.s.b.w.embedded.tomcat.TomcatWebServer  : Tomcat started on port(s): 8080 (http) with context path ''
2022-04-27 16:54:21.244  INFO 2496 --- [restartedMain] c.b.m.MyspringbootAppApplication         : Started MyspringbootAppApplication in 0.475 seconds (JVM running for 1126.838)
2022-04-27 16:54:21.245  INFO 2496 --- [restartedMain] .ConditionEvaluationDeltaLoggingListener : Condition evaluation unchanged
2022-04-27 16:54:22.989  INFO 2496 --- [Thread-45] j.LocalContainerEntityManagerFactoryBean : Closing JPA EntityManagerFactory for persistence unit 'default'
2022-04-27 16:54:22.990  INFO 2496 --- [Thread-45] com.zaxxer.hikari.HikariDataSource       : HikariPool-9 - Shutdown initiated...
2022-04-27 16:54:22.992  INFO 2496 --- [Thread-45] com.zaxxer.hikari.HikariDataSource       : HikariPool-9 - Shutdown completed.
2022-04-27 16:54:23.093  INFO 2496 --- [restartedMain] c.b.m.MyspringbootAppApplication         : Starting MyspringbootAppApplication using Java 1.8.0_322 on DESKTOP-M7IRV8D with PID 2496 (C:\jdk8_spring\workspace\myspringboot-app\target\classes started by 윤영호 in C:\jdk8_spring\workspace\myspringboot-app)
2022-04-27 16:54:23.093 DEBUG 2496 --- [restartedMain] c.b.m.MyspringbootAppApplication         : Running with Spring Boot v2.5.12, Spring v5.3.18
2022-04-27 16:54:23.093  INFO 2496 --- [restartedMain] c.b.m.MyspringbootAppApplication         : The following 1 profile is active: "test"
2022-04-27 16:54:23.221  INFO 2496 --- [restartedMain] .s.d.r.c.RepositoryConfigurationDelegate : Bootstrapping Spring Data JPA repositories in DEFAULT mode.
2022-04-27 16:54:23.232  INFO 2496 --- [restartedMain] .s.d.r.c.RepositoryConfigurationDelegate : Finished Spring Data repository scanning in 10 ms. Found 3 JPA repository interfaces.
2022-04-27 16:54:23.279  INFO 2496 --- [restartedMain] o.s.b.w.embedded.tomcat.TomcatWebServer  : Tomcat initialized with port(s): 8080 (http)
2022-04-27 16:54:23.279  INFO 2496 --- [restartedMain] o.apache.catalina.core.StandardService   : Starting service [Tomcat]
2022-04-27 16:54:23.279  INFO 2496 --- [restartedMain] org.apache.catalina.core.StandardEngine  : Starting Servlet engine: [Apache Tomcat/9.0.60]
2022-04-27 16:54:23.292  INFO 2496 --- [restartedMain] o.a.c.c.C.[Tomcat].[localhost].[/]       : Initializing Spring embedded WebApplicationContext
2022-04-27 16:54:23.292  INFO 2496 --- [restartedMain] w.s.c.ServletWebServerApplicationContext : Root WebApplicationContext: initialization completed in 197 ms
2022-04-27 16:54:23.298  INFO 2496 --- [restartedMain] com.zaxxer.hikari.HikariDataSource       : HikariPool-10 - Starting...
2022-04-27 16:54:23.300  INFO 2496 --- [restartedMain] com.zaxxer.hikari.HikariDataSource       : HikariPool-10 - Start completed.
2022-04-27 16:54:23.300  INFO 2496 --- [restartedMain] o.s.b.a.h2.H2ConsoleAutoConfiguration    : H2 console available at '/h2-console'. Database available at 'jdbc:mariadb://127.0.0.1:3306/boot_db?useUnicode=true&charaterEncoding=utf-8&useSSL=false&serverTimezone=UTC'
2022-04-27 16:54:23.313  INFO 2496 --- [restartedMain] o.hibernate.jpa.internal.util.LogHelper  : HHH000204: Processing PersistenceUnitInfo [name: default]
2022-04-27 16:54:23.316  INFO 2496 --- [restartedMain] org.hibernate.dialect.Dialect            : HHH000400: Using dialect: org.hibernate.dialect.MariaDB103Dialect
2022-04-27 16:54:23.345  INFO 2496 --- [restartedMain] o.h.e.t.j.p.i.JtaPlatformInitiator       : HHH000490: Using JtaPlatform implementation: [org.hibernate.engine.transaction.jta.platform.internal.NoJtaPlatform]
2022-04-27 16:54:23.345  INFO 2496 --- [restartedMain] j.LocalContainerEntityManagerFactoryBean : Initialized JPA EntityManagerFactory for persistence unit 'default'
2022-04-27 16:54:23.399  WARN 2496 --- [restartedMain] JpaBaseConfiguration$JpaWebConfiguration : spring.jpa.open-in-view is enabled by default. Therefore, database queries may be performed during view rendering. Explicitly configure spring.jpa.open-in-view to disable this warning
2022-04-27 16:54:23.423  INFO 2496 --- [restartedMain] o.s.b.a.w.s.WelcomePageHandlerMapping    : Adding welcome page: class path resource [static/index.html]
2022-04-27 16:54:23.460  INFO 2496 --- [restartedMain] o.s.b.d.a.OptionalLiveReloadServer       : LiveReload server is running on port 35729
2022-04-27 16:54:23.467  INFO 2496 --- [restartedMain] o.s.b.w.embedded.tomcat.TomcatWebServer  : Tomcat started on port(s): 8080 (http) with context path ''
2022-04-27 16:54:23.470  INFO 2496 --- [restartedMain] c.b.m.MyspringbootAppApplication         : Started MyspringbootAppApplication in 0.4 seconds (JVM running for 1129.063)
2022-04-27 16:54:23.471  INFO 2496 --- [restartedMain] .ConditionEvaluationDeltaLoggingListener : Condition evaluation unchanged
2022-04-27 16:54:24.774  INFO 2496 --- [http-nio-8080-exec-1] o.a.c.c.C.[Tomcat].[localhost].[/]       : Initializing Spring DispatcherServlet 'dispatcherServlet'
2022-04-27 16:54:24.775  INFO 2496 --- [http-nio-8080-exec-1] o.s.web.servlet.DispatcherServlet        : Initializing Servlet 'dispatcherServlet'
2022-04-27 16:54:24.775  INFO 2496 --- [http-nio-8080-exec-1] o.s.web.servlet.DispatcherServlet        : Completed initialization in 0 ms
2022-04-27 16:54:24.782 DEBUG 2496 --- [http-nio-8080-exec-1] c.b.m.controller.UserController          : userForm com.basic.myspringboot.controller.form.UserForm@65c115cb
2022-04-27 16:55:05.415 DEBUG 2496 --- [http-nio-8080-exec-5] c.b.m.controller.UserController          : userForm com.basic.myspringboot.controller.form.UserForm@6dc17bba
2022-04-27 16:55:14.849 DEBUG 2496 --- [http-nio-8080-exec-7] c.b.m.controller.UserController          : userForm com.basic.myspringboot.controller.form.UserForm@84a6fea
2022-04-27 16:58:03.918  INFO 2496 --- [Thread-49] j.LocalContainerEntityManagerFactoryBean : Closing JPA EntityManagerFactory for persistence unit 'default'
2022-04-27 16:58:03.919  INFO 2496 --- [Thread-49] com.zaxxer.hikari.HikariDataSource       : HikariPool-10 - Shutdown initiated...
2022-04-27 16:58:03.921  INFO 2496 --- [Thread-49] com.zaxxer.hikari.HikariDataSource       : HikariPool-10 - Shutdown completed.
2022-04-27 16:58:04.078  INFO 2496 --- [restartedMain] c.b.m.MyspringbootAppApplication         : Starting MyspringbootAppApplication using Java 1.8.0_322 on DESKTOP-M7IRV8D with PID 2496 (C:\jdk8_spring\workspace\myspringboot-app\target\classes started by 윤영호 in C:\jdk8_spring\workspace\myspringboot-app)
2022-04-27 16:58:04.079 DEBUG 2496 --- [restartedMain] c.b.m.MyspringbootAppApplication         : Running with Spring Boot v2.5.12, Spring v5.3.18
2022-04-27 16:58:04.079  INFO 2496 --- [restartedMain] c.b.m.MyspringbootAppApplication         : The following 1 profile is active: "test"
2022-04-27 16:58:04.238  INFO 2496 --- [restartedMain] .s.d.r.c.RepositoryConfigurationDelegate : Bootstrapping Spring Data JPA repositories in DEFAULT mode.
2022-04-27 16:58:04.253  INFO 2496 --- [restartedMain] .s.d.r.c.RepositoryConfigurationDelegate : Finished Spring Data repository scanning in 14 ms. Found 3 JPA repository interfaces.
2022-04-27 16:58:04.345  INFO 2496 --- [restartedMain] o.s.b.w.embedded.tomcat.TomcatWebServer  : Tomcat initialized with port(s): 8080 (http)
2022-04-27 16:58:04.345  INFO 2496 --- [restartedMain] o.apache.catalina.core.StandardService   : Starting service [Tomcat]
2022-04-27 16:58:04.345  INFO 2496 --- [restartedMain] org.apache.catalina.core.StandardEngine  : Starting Servlet engine: [Apache Tomcat/9.0.60]
2022-04-27 16:58:04.361  INFO 2496 --- [restartedMain] o.a.c.c.C.[Tomcat].[localhost].[/]       : Initializing Spring embedded WebApplicationContext
2022-04-27 16:58:04.361  INFO 2496 --- [restartedMain] w.s.c.ServletWebServerApplicationContext : Root WebApplicationContext: initialization completed in 280 ms
2022-04-27 16:58:04.368  INFO 2496 --- [restartedMain] com.zaxxer.hikari.HikariDataSource       : HikariPool-11 - Starting...
2022-04-27 16:58:04.370  INFO 2496 --- [restartedMain] com.zaxxer.hikari.HikariDataSource       : HikariPool-11 - Start completed.
2022-04-27 16:58:04.370  INFO 2496 --- [restartedMain] o.s.b.a.h2.H2ConsoleAutoConfiguration    : H2 console available at '/h2-console'. Database available at 'jdbc:mariadb://127.0.0.1:3306/boot_db?useUnicode=true&charaterEncoding=utf-8&useSSL=false&serverTimezone=UTC'
2022-04-27 16:58:04.388  INFO 2496 --- [restartedMain] o.hibernate.jpa.internal.util.LogHelper  : HHH000204: Processing PersistenceUnitInfo [name: default]
2022-04-27 16:58:04.391  INFO 2496 --- [restartedMain] org.hibernate.dialect.Dialect            : HHH000400: Using dialect: org.hibernate.dialect.MariaDB103Dialect
2022-04-27 16:58:04.422  INFO 2496 --- [restartedMain] o.h.e.t.j.p.i.JtaPlatformInitiator       : HHH000490: Using JtaPlatform implementation: [org.hibernate.engine.transaction.jta.platform.internal.NoJtaPlatform]
2022-04-27 16:58:04.422  INFO 2496 --- [restartedMain] j.LocalContainerEntityManagerFactoryBean : Initialized JPA EntityManagerFactory for persistence unit 'default'
2022-04-27 16:58:04.480  WARN 2496 --- [restartedMain] JpaBaseConfiguration$JpaWebConfiguration : spring.jpa.open-in-view is enabled by default. Therefore, database queries may be performed during view rendering. Explicitly configure spring.jpa.open-in-view to disable this warning
2022-04-27 16:58:04.508  INFO 2496 --- [restartedMain] o.s.b.a.w.s.WelcomePageHandlerMapping    : Adding welcome page: class path resource [static/index.html]
2022-04-27 16:58:04.549  INFO 2496 --- [restartedMain] o.s.b.d.a.OptionalLiveReloadServer       : LiveReload server is running on port 35729
2022-04-27 16:58:04.556  INFO 2496 --- [restartedMain] o.s.b.w.embedded.tomcat.TomcatWebServer  : Tomcat started on port(s): 8080 (http) with context path ''
2022-04-27 16:58:04.560  INFO 2496 --- [restartedMain] c.b.m.MyspringbootAppApplication         : Started MyspringbootAppApplication in 0.505 seconds (JVM running for 1350.153)
2022-04-27 16:58:04.561  INFO 2496 --- [restartedMain] .ConditionEvaluationDeltaLoggingListener : Condition evaluation unchanged
2022-04-27 16:58:04.678  INFO 2496 --- [http-nio-8080-exec-1] o.a.c.c.C.[Tomcat].[localhost].[/]       : Initializing Spring DispatcherServlet 'dispatcherServlet'
2022-04-27 16:58:04.678  INFO 2496 --- [http-nio-8080-exec-1] o.s.web.servlet.DispatcherServlet        : Initializing Servlet 'dispatcherServlet'
2022-04-27 16:58:04.679  INFO 2496 --- [http-nio-8080-exec-1] o.s.web.servlet.DispatcherServlet        : Completed initialization in 1 ms
2022-04-27 16:58:04.685 DEBUG 2496 --- [http-nio-8080-exec-1] c.b.m.controller.UserController          : user com.basic.myspringboot.entity.User@5b7cc224
2022-04-27 16:58:04.688  INFO 2496 --- [http-nio-8080-exec-1] c.b.m.controller.UserController          : userForm com.basic.myspringboot.controller.form.UserForm@403f23d3
2022-04-27 16:58:06.250  INFO 2496 --- [Thread-53] j.LocalContainerEntityManagerFactoryBean : Closing JPA EntityManagerFactory for persistence unit 'default'
2022-04-27 16:58:06.251  INFO 2496 --- [Thread-53] com.zaxxer.hikari.HikariDataSource       : HikariPool-11 - Shutdown initiated...
2022-04-27 16:58:06.253  INFO 2496 --- [Thread-53] com.zaxxer.hikari.HikariDataSource       : HikariPool-11 - Shutdown completed.
2022-04-27 16:58:06.352  INFO 2496 --- [restartedMain] c.b.m.MyspringbootAppApplication         : Starting MyspringbootAppApplication using Java 1.8.0_322 on DESKTOP-M7IRV8D with PID 2496 (C:\jdk8_spring\workspace\myspringboot-app\target\classes started by 윤영호 in C:\jdk8_spring\workspace\myspringboot-app)
2022-04-27 16:58:06.352 DEBUG 2496 --- [restartedMain] c.b.m.MyspringbootAppApplication         : Running with Spring Boot v2.5.12, Spring v5.3.18
2022-04-27 16:58:06.352  INFO 2496 --- [restartedMain] c.b.m.MyspringbootAppApplication         : The following 1 profile is active: "test"
2022-04-27 16:58:06.479  INFO 2496 --- [restartedMain] .s.d.r.c.RepositoryConfigurationDelegate : Bootstrapping Spring Data JPA repositories in DEFAULT mode.
2022-04-27 16:58:06.490  INFO 2496 --- [restartedMain] .s.d.r.c.RepositoryConfigurationDelegate : Finished Spring Data repository scanning in 10 ms. Found 3 JPA repository interfaces.
2022-04-27 16:58:06.539  INFO 2496 --- [restartedMain] o.s.b.w.embedded.tomcat.TomcatWebServer  : Tomcat initialized with port(s): 8080 (http)
2022-04-27 16:58:06.540  INFO 2496 --- [restartedMain] o.apache.catalina.core.StandardService   : Starting service [Tomcat]
2022-04-27 16:58:06.540  INFO 2496 --- [restartedMain] org.apache.catalina.core.StandardEngine  : Starting Servlet engine: [Apache Tomcat/9.0.60]
2022-04-27 16:58:06.553  INFO 2496 --- [restartedMain] o.a.c.c.C.[Tomcat].[localhost].[/]       : Initializing Spring embedded WebApplicationContext
2022-04-27 16:58:06.553  INFO 2496 --- [restartedMain] w.s.c.ServletWebServerApplicationContext : Root WebApplicationContext: initialization completed in 199 ms
2022-04-27 16:58:06.560  INFO 2496 --- [restartedMain] com.zaxxer.hikari.HikariDataSource       : HikariPool-12 - Starting...
2022-04-27 16:58:06.562  INFO 2496 --- [restartedMain] com.zaxxer.hikari.HikariDataSource       : HikariPool-12 - Start completed.
2022-04-27 16:58:06.562  INFO 2496 --- [restartedMain] o.s.b.a.h2.H2ConsoleAutoConfiguration    : H2 console available at '/h2-console'. Database available at 'jdbc:mariadb://127.0.0.1:3306/boot_db?useUnicode=true&charaterEncoding=utf-8&useSSL=false&serverTimezone=UTC'
2022-04-27 16:58:06.575  INFO 2496 --- [restartedMain] o.hibernate.jpa.internal.util.LogHelper  : HHH000204: Processing PersistenceUnitInfo [name: default]
2022-04-27 16:58:06.578  INFO 2496 --- [restartedMain] org.hibernate.dialect.Dialect            : HHH000400: Using dialect: org.hibernate.dialect.MariaDB103Dialect
2022-04-27 16:58:06.607  INFO 2496 --- [restartedMain] o.h.e.t.j.p.i.JtaPlatformInitiator       : HHH000490: Using JtaPlatform implementation: [org.hibernate.engine.transaction.jta.platform.internal.NoJtaPlatform]
2022-04-27 16:58:06.607  INFO 2496 --- [restartedMain] j.LocalContainerEntityManagerFactoryBean : Initialized JPA EntityManagerFactory for persistence unit 'default'
2022-04-27 16:58:06.661  WARN 2496 --- [restartedMain] JpaBaseConfiguration$JpaWebConfiguration : spring.jpa.open-in-view is enabled by default. Therefore, database queries may be performed during view rendering. Explicitly configure spring.jpa.open-in-view to disable this warning
2022-04-27 16:58:06.684  INFO 2496 --- [restartedMain] o.s.b.a.w.s.WelcomePageHandlerMapping    : Adding welcome page: class path resource [static/index.html]
2022-04-27 16:58:06.721  INFO 2496 --- [restartedMain] o.s.b.d.a.OptionalLiveReloadServer       : LiveReload server is running on port 35729
2022-04-27 16:58:06.729  INFO 2496 --- [restartedMain] o.s.b.w.embedded.tomcat.TomcatWebServer  : Tomcat started on port(s): 8080 (http) with context path ''
2022-04-27 16:58:06.732  INFO 2496 --- [restartedMain] c.b.m.MyspringbootAppApplication         : Started MyspringbootAppApplication in 0.403 seconds (JVM running for 1352.326)
2022-04-27 16:58:06.733  INFO 2496 --- [restartedMain] .ConditionEvaluationDeltaLoggingListener : Condition evaluation unchanged
2022-04-27 16:58:07.505  INFO 2496 --- [http-nio-8080-exec-1] o.a.c.c.C.[Tomcat].[localhost].[/]       : Initializing Spring DispatcherServlet 'dispatcherServlet'
2022-04-27 16:58:07.506  INFO 2496 --- [http-nio-8080-exec-1] o.s.web.servlet.DispatcherServlet        : Initializing Servlet 'dispatcherServlet'
2022-04-27 16:58:07.507  INFO 2496 --- [http-nio-8080-exec-1] o.s.web.servlet.DispatcherServlet        : Completed initialization in 1 ms
2022-04-27 16:58:07.514 DEBUG 2496 --- [http-nio-8080-exec-1] c.b.m.controller.UserController          : userForm class com.basic.myspringboot.controller.form.UserForm
2022-04-27 16:58:48.199  INFO 2496 --- [Thread-57] j.LocalContainerEntityManagerFactoryBean : Closing JPA EntityManagerFactory for persistence unit 'default'
2022-04-27 16:58:48.199  INFO 2496 --- [Thread-57] com.zaxxer.hikari.HikariDataSource       : HikariPool-12 - Shutdown initiated...
2022-04-27 16:58:48.201  INFO 2496 --- [Thread-57] com.zaxxer.hikari.HikariDataSource       : HikariPool-12 - Shutdown completed.
2022-04-27 16:58:48.324  INFO 2496 --- [restartedMain] c.b.m.MyspringbootAppApplication         : Starting MyspringbootAppApplication using Java 1.8.0_322 on DESKTOP-M7IRV8D with PID 2496 (C:\jdk8_spring\workspace\myspringboot-app\target\classes started by 윤영호 in C:\jdk8_spring\workspace\myspringboot-app)
2022-04-27 16:58:48.324 DEBUG 2496 --- [restartedMain] c.b.m.MyspringbootAppApplication         : Running with Spring Boot v2.5.12, Spring v5.3.18
2022-04-27 16:58:48.324  INFO 2496 --- [restartedMain] c.b.m.MyspringbootAppApplication         : The following 1 profile is active: "test"
2022-04-27 16:58:48.461  INFO 2496 --- [restartedMain] .s.d.r.c.RepositoryConfigurationDelegate : Bootstrapping Spring Data JPA repositories in DEFAULT mode.
2022-04-27 16:58:48.476  INFO 2496 --- [restartedMain] .s.d.r.c.RepositoryConfigurationDelegate : Finished Spring Data repository scanning in 15 ms. Found 3 JPA repository interfaces.
2022-04-27 16:58:48.567  INFO 2496 --- [restartedMain] o.s.b.w.embedded.tomcat.TomcatWebServer  : Tomcat initialized with port(s): 8080 (http)
2022-04-27 16:58:48.568  INFO 2496 --- [restartedMain] o.apache.catalina.core.StandardService   : Starting service [Tomcat]
2022-04-27 16:58:48.568  INFO 2496 --- [restartedMain] org.apache.catalina.core.StandardEngine  : Starting Servlet engine: [Apache Tomcat/9.0.60]
2022-04-27 16:58:48.583  INFO 2496 --- [restartedMain] o.a.c.c.C.[Tomcat].[localhost].[/]       : Initializing Spring embedded WebApplicationContext
2022-04-27 16:58:48.583  INFO 2496 --- [restartedMain] w.s.c.ServletWebServerApplicationContext : Root WebApplicationContext: initialization completed in 257 ms
2022-04-27 16:58:48.591  INFO 2496 --- [restartedMain] com.zaxxer.hikari.HikariDataSource       : HikariPool-13 - Starting...
2022-04-27 16:58:48.594  INFO 2496 --- [restartedMain] com.zaxxer.hikari.HikariDataSource       : HikariPool-13 - Start completed.
2022-04-27 16:58:48.594  INFO 2496 --- [restartedMain] o.s.b.a.h2.H2ConsoleAutoConfiguration    : H2 console available at '/h2-console'. Database available at 'jdbc:mariadb://127.0.0.1:3306/boot_db?useUnicode=true&charaterEncoding=utf-8&useSSL=false&serverTimezone=UTC'
2022-04-27 16:58:48.609  INFO 2496 --- [restartedMain] o.hibernate.jpa.internal.util.LogHelper  : HHH000204: Processing PersistenceUnitInfo [name: default]
2022-04-27 16:58:48.612  INFO 2496 --- [restartedMain] org.hibernate.dialect.Dialect            : HHH000400: Using dialect: org.hibernate.dialect.MariaDB103Dialect
2022-04-27 16:58:48.641  INFO 2496 --- [restartedMain] o.h.e.t.j.p.i.JtaPlatformInitiator       : HHH000490: Using JtaPlatform implementation: [org.hibernate.engine.transaction.jta.platform.internal.NoJtaPlatform]
2022-04-27 16:58:48.641  INFO 2496 --- [restartedMain] j.LocalContainerEntityManagerFactoryBean : Initialized JPA EntityManagerFactory for persistence unit 'default'
2022-04-27 16:58:48.698  WARN 2496 --- [restartedMain] JpaBaseConfiguration$JpaWebConfiguration : spring.jpa.open-in-view is enabled by default. Therefore, database queries may be performed during view rendering. Explicitly configure spring.jpa.open-in-view to disable this warning
2022-04-27 16:58:48.728  INFO 2496 --- [restartedMain] o.s.b.a.w.s.WelcomePageHandlerMapping    : Adding welcome page: class path resource [static/index.html]
2022-04-27 16:58:48.769  INFO 2496 --- [restartedMain] o.s.b.d.a.OptionalLiveReloadServer       : LiveReload server is running on port 35729
2022-04-27 16:58:48.777  INFO 2496 --- [restartedMain] o.s.b.w.embedded.tomcat.TomcatWebServer  : Tomcat started on port(s): 8080 (http) with context path ''
2022-04-27 16:58:48.780  INFO 2496 --- [restartedMain] c.b.m.MyspringbootAppApplication         : Started MyspringbootAppApplication in 0.48 seconds (JVM running for 1394.374)
2022-04-27 16:58:48.781  INFO 2496 --- [restartedMain] .ConditionEvaluationDeltaLoggingListener : Condition evaluation unchanged
2022-04-27 16:58:48.813  INFO 2496 --- [http-nio-8080-exec-1] o.a.c.c.C.[Tomcat].[localhost].[/]       : Initializing Spring DispatcherServlet 'dispatcherServlet'
2022-04-27 16:58:48.813  INFO 2496 --- [http-nio-8080-exec-1] o.s.web.servlet.DispatcherServlet        : Initializing Servlet 'dispatcherServlet'
2022-04-27 16:58:48.814  INFO 2496 --- [http-nio-8080-exec-1] o.s.web.servlet.DispatcherServlet        : Completed initialization in 1 ms
2022-04-27 16:59:39.528  INFO 2496 --- [Thread-61] j.LocalContainerEntityManagerFactoryBean : Closing JPA EntityManagerFactory for persistence unit 'default'
2022-04-27 16:59:39.529  INFO 2496 --- [Thread-61] com.zaxxer.hikari.HikariDataSource       : HikariPool-13 - Shutdown initiated...
2022-04-27 16:59:39.531  INFO 2496 --- [Thread-61] com.zaxxer.hikari.HikariDataSource       : HikariPool-13 - Shutdown completed.
2022-04-27 16:59:39.621  INFO 2496 --- [restartedMain] c.b.m.MyspringbootAppApplication         : Starting MyspringbootAppApplication using Java 1.8.0_322 on DESKTOP-M7IRV8D with PID 2496 (C:\jdk8_spring\workspace\myspringboot-app\target\classes started by 윤영호 in C:\jdk8_spring\workspace\myspringboot-app)
2022-04-27 16:59:39.622 DEBUG 2496 --- [restartedMain] c.b.m.MyspringbootAppApplication         : Running with Spring Boot v2.5.12, Spring v5.3.18
2022-04-27 16:59:39.622  INFO 2496 --- [restartedMain] c.b.m.MyspringbootAppApplication         : The following 1 profile is active: "test"
2022-04-27 16:59:39.758  INFO 2496 --- [restartedMain] .s.d.r.c.RepositoryConfigurationDelegate : Bootstrapping Spring Data JPA repositories in DEFAULT mode.
2022-04-27 16:59:39.770  INFO 2496 --- [restartedMain] .s.d.r.c.RepositoryConfigurationDelegate : Finished Spring Data repository scanning in 11 ms. Found 3 JPA repository interfaces.
2022-04-27 16:59:39.855  INFO 2496 --- [restartedMain] o.s.b.w.embedded.tomcat.TomcatWebServer  : Tomcat initialized with port(s): 8080 (http)
2022-04-27 16:59:39.855  INFO 2496 --- [restartedMain] o.apache.catalina.core.StandardService   : Starting service [Tomcat]
2022-04-27 16:59:39.855  INFO 2496 --- [restartedMain] org.apache.catalina.core.StandardEngine  : Starting Servlet engine: [Apache Tomcat/9.0.60]
2022-04-27 16:59:39.868  INFO 2496 --- [restartedMain] o.a.c.c.C.[Tomcat].[localhost].[/]       : Initializing Spring embedded WebApplicationContext
2022-04-27 16:59:39.868  INFO 2496 --- [restartedMain] w.s.c.ServletWebServerApplicationContext : Root WebApplicationContext: initialization completed in 245 ms
2022-04-27 16:59:39.876  INFO 2496 --- [restartedMain] com.zaxxer.hikari.HikariDataSource       : HikariPool-14 - Starting...
2022-04-27 16:59:39.877  INFO 2496 --- [restartedMain] com.zaxxer.hikari.HikariDataSource       : HikariPool-14 - Start completed.
2022-04-27 16:59:39.878  INFO 2496 --- [restartedMain] o.s.b.a.h2.H2ConsoleAutoConfiguration    : H2 console available at '/h2-console'. Database available at 'jdbc:mariadb://127.0.0.1:3306/boot_db?useUnicode=true&charaterEncoding=utf-8&useSSL=false&serverTimezone=UTC'
2022-04-27 16:59:39.891  INFO 2496 --- [restartedMain] o.hibernate.jpa.internal.util.LogHelper  : HHH000204: Processing PersistenceUnitInfo [name: default]
2022-04-27 16:59:39.895  INFO 2496 --- [restartedMain] org.hibernate.dialect.Dialect            : HHH000400: Using dialect: org.hibernate.dialect.MariaDB103Dialect
2022-04-27 16:59:39.925  INFO 2496 --- [restartedMain] o.h.e.t.j.p.i.JtaPlatformInitiator       : HHH000490: Using JtaPlatform implementation: [org.hibernate.engine.transaction.jta.platform.internal.NoJtaPlatform]
2022-04-27 16:59:39.925  INFO 2496 --- [restartedMain] j.LocalContainerEntityManagerFactoryBean : Initialized JPA EntityManagerFactory for persistence unit 'default'
2022-04-27 16:59:39.983  WARN 2496 --- [restartedMain] JpaBaseConfiguration$JpaWebConfiguration : spring.jpa.open-in-view is enabled by default. Therefore, database queries may be performed during view rendering. Explicitly configure spring.jpa.open-in-view to disable this warning
2022-04-27 16:59:40.008  INFO 2496 --- [restartedMain] o.s.b.a.w.s.WelcomePageHandlerMapping    : Adding welcome page: class path resource [static/index.html]
2022-04-27 16:59:40.046  INFO 2496 --- [restartedMain] o.s.b.d.a.OptionalLiveReloadServer       : LiveReload server is running on port 35729
2022-04-27 16:59:40.053  INFO 2496 --- [restartedMain] o.s.b.w.embedded.tomcat.TomcatWebServer  : Tomcat started on port(s): 8080 (http) with context path ''
2022-04-27 16:59:40.056  INFO 2496 --- [restartedMain] c.b.m.MyspringbootAppApplication         : Started MyspringbootAppApplication in 0.456 seconds (JVM running for 1445.65)
2022-04-27 16:59:40.058  INFO 2496 --- [restartedMain] .ConditionEvaluationDeltaLoggingListener : Condition evaluation unchanged
2022-04-27 16:59:40.213  INFO 2496 --- [http-nio-8080-exec-1] o.a.c.c.C.[Tomcat].[localhost].[/]       : Initializing Spring DispatcherServlet 'dispatcherServlet'
2022-04-27 16:59:40.213  INFO 2496 --- [http-nio-8080-exec-1] o.s.web.servlet.DispatcherServlet        : Initializing Servlet 'dispatcherServlet'
2022-04-27 16:59:40.214  INFO 2496 --- [http-nio-8080-exec-1] o.s.web.servlet.DispatcherServlet        : Completed initialization in 1 ms
2022-04-27 16:59:41.625 DEBUG 2496 --- [http-nio-8080-exec-2] c.b.m.controller.UserController          : user com.basic.myspringboot.entity.User@7f3788a6
2022-04-27 16:59:41.628  INFO 2496 --- [http-nio-8080-exec-2] c.b.m.controller.UserController          : userForm com.basic.myspringboot.controller.form.UserForm@292d680
2022-04-27 16:59:45.557 DEBUG 2496 --- [http-nio-8080-exec-3] c.b.m.controller.UserController          : userForm com.basic.myspringboot.controller.form.UserForm@5a5705a6
2022-04-27 17:00:34.685  INFO 2496 --- [Thread-65] j.LocalContainerEntityManagerFactoryBean : Closing JPA EntityManagerFactory for persistence unit 'default'
2022-04-27 17:00:34.685  INFO 2496 --- [Thread-65] com.zaxxer.hikari.HikariDataSource       : HikariPool-14 - Shutdown initiated...
2022-04-27 17:00:34.687  INFO 2496 --- [Thread-65] com.zaxxer.hikari.HikariDataSource       : HikariPool-14 - Shutdown completed.
2022-04-27 17:00:34.846  INFO 2496 --- [restartedMain] c.b.m.MyspringbootAppApplication         : Starting MyspringbootAppApplication using Java 1.8.0_322 on DESKTOP-M7IRV8D with PID 2496 (C:\jdk8_spring\workspace\myspringboot-app\target\classes started by 윤영호 in C:\jdk8_spring\workspace\myspringboot-app)
2022-04-27 17:00:34.846 DEBUG 2496 --- [restartedMain] c.b.m.MyspringbootAppApplication         : Running with Spring Boot v2.5.12, Spring v5.3.18
2022-04-27 17:00:34.846  INFO 2496 --- [restartedMain] c.b.m.MyspringbootAppApplication         : The following 1 profile is active: "test"
2022-04-27 17:00:35.038  INFO 2496 --- [restartedMain] .s.d.r.c.RepositoryConfigurationDelegate : Bootstrapping Spring Data JPA repositories in DEFAULT mode.
2022-04-27 17:00:35.052  INFO 2496 --- [restartedMain] .s.d.r.c.RepositoryConfigurationDelegate : Finished Spring Data repository scanning in 14 ms. Found 3 JPA repository interfaces.
2022-04-27 17:00:35.162  INFO 2496 --- [restartedMain] o.s.b.w.embedded.tomcat.TomcatWebServer  : Tomcat initialized with port(s): 8080 (http)
2022-04-27 17:00:35.162  INFO 2496 --- [restartedMain] o.apache.catalina.core.StandardService   : Starting service [Tomcat]
2022-04-27 17:00:35.163  INFO 2496 --- [restartedMain] org.apache.catalina.core.StandardEngine  : Starting Servlet engine: [Apache Tomcat/9.0.60]
2022-04-27 17:00:35.183  INFO 2496 --- [restartedMain] o.a.c.c.C.[Tomcat].[localhost].[/]       : Initializing Spring embedded WebApplicationContext
2022-04-27 17:00:35.183  INFO 2496 --- [restartedMain] w.s.c.ServletWebServerApplicationContext : Root WebApplicationContext: initialization completed in 335 ms
2022-04-27 17:00:35.193  INFO 2496 --- [restartedMain] com.zaxxer.hikari.HikariDataSource       : HikariPool-15 - Starting...
2022-04-27 17:00:35.195  INFO 2496 --- [restartedMain] com.zaxxer.hikari.HikariDataSource       : HikariPool-15 - Start completed.
2022-04-27 17:00:35.195  INFO 2496 --- [restartedMain] o.s.b.a.h2.H2ConsoleAutoConfiguration    : H2 console available at '/h2-console'. Database available at 'jdbc:mariadb://127.0.0.1:3306/boot_db?useUnicode=true&charaterEncoding=utf-8&useSSL=false&serverTimezone=UTC'
2022-04-27 17:00:35.216  INFO 2496 --- [restartedMain] o.hibernate.jpa.internal.util.LogHelper  : HHH000204: Processing PersistenceUnitInfo [name: default]
2022-04-27 17:00:35.220  INFO 2496 --- [restartedMain] org.hibernate.dialect.Dialect            : HHH000400: Using dialect: org.hibernate.dialect.MariaDB103Dialect
2022-04-27 17:00:35.265  INFO 2496 --- [restartedMain] o.h.e.t.j.p.i.JtaPlatformInitiator       : HHH000490: Using JtaPlatform implementation: [org.hibernate.engine.transaction.jta.platform.internal.NoJtaPlatform]
2022-04-27 17:00:35.266  INFO 2496 --- [restartedMain] j.LocalContainerEntityManagerFactoryBean : Initialized JPA EntityManagerFactory for persistence unit 'default'
2022-04-27 17:00:35.343  WARN 2496 --- [restartedMain] JpaBaseConfiguration$JpaWebConfiguration : spring.jpa.open-in-view is enabled by default. Therefore, database queries may be performed during view rendering. Explicitly configure spring.jpa.open-in-view to disable this warning
2022-04-27 17:00:35.378  INFO 2496 --- [restartedMain] o.s.b.a.w.s.WelcomePageHandlerMapping    : Adding welcome page: class path resource [static/index.html]
2022-04-27 17:00:35.426  INFO 2496 --- [restartedMain] o.s.b.d.a.OptionalLiveReloadServer       : LiveReload server is running on port 35729
2022-04-27 17:00:35.437  INFO 2496 --- [restartedMain] o.s.b.w.embedded.tomcat.TomcatWebServer  : Tomcat started on port(s): 8080 (http) with context path ''
2022-04-27 17:00:35.442  INFO 2496 --- [restartedMain] c.b.m.MyspringbootAppApplication         : Started MyspringbootAppApplication in 0.626 seconds (JVM running for 1501.036)
2022-04-27 17:00:35.444  INFO 2496 --- [restartedMain] .ConditionEvaluationDeltaLoggingListener : Condition evaluation unchanged
2022-04-27 17:00:37.162  INFO 2496 --- [Thread-69] j.LocalContainerEntityManagerFactoryBean : Closing JPA EntityManagerFactory for persistence unit 'default'
2022-04-27 17:00:37.163  INFO 2496 --- [Thread-69] com.zaxxer.hikari.HikariDataSource       : HikariPool-15 - Shutdown initiated...
2022-04-27 17:00:37.165  INFO 2496 --- [Thread-69] com.zaxxer.hikari.HikariDataSource       : HikariPool-15 - Shutdown completed.
2022-04-27 17:00:37.266  INFO 2496 --- [restartedMain] c.b.m.MyspringbootAppApplication         : Starting MyspringbootAppApplication using Java 1.8.0_322 on DESKTOP-M7IRV8D with PID 2496 (C:\jdk8_spring\workspace\myspringboot-app\target\classes started by 윤영호 in C:\jdk8_spring\workspace\myspringboot-app)
2022-04-27 17:00:37.266 DEBUG 2496 --- [restartedMain] c.b.m.MyspringbootAppApplication         : Running with Spring Boot v2.5.12, Spring v5.3.18
2022-04-27 17:00:37.266  INFO 2496 --- [restartedMain] c.b.m.MyspringbootAppApplication         : The following 1 profile is active: "test"
2022-04-27 17:00:37.398  INFO 2496 --- [restartedMain] .s.d.r.c.RepositoryConfigurationDelegate : Bootstrapping Spring Data JPA repositories in DEFAULT mode.
2022-04-27 17:00:37.409  INFO 2496 --- [restartedMain] .s.d.r.c.RepositoryConfigurationDelegate : Finished Spring Data repository scanning in 10 ms. Found 3 JPA repository interfaces.
2022-04-27 17:00:37.464  INFO 2496 --- [restartedMain] o.s.b.w.embedded.tomcat.TomcatWebServer  : Tomcat initialized with port(s): 8080 (http)
2022-04-27 17:00:37.465  INFO 2496 --- [restartedMain] o.apache.catalina.core.StandardService   : Starting service [Tomcat]
2022-04-27 17:00:37.465  INFO 2496 --- [restartedMain] org.apache.catalina.core.StandardEngine  : Starting Servlet engine: [Apache Tomcat/9.0.60]
2022-04-27 17:00:37.478  INFO 2496 --- [restartedMain] o.a.c.c.C.[Tomcat].[localhost].[/]       : Initializing Spring embedded WebApplicationContext
2022-04-27 17:00:37.479  INFO 2496 --- [restartedMain] w.s.c.ServletWebServerApplicationContext : Root WebApplicationContext: initialization completed in 211 ms
2022-04-27 17:00:37.487  INFO 2496 --- [restartedMain] com.zaxxer.hikari.HikariDataSource       : HikariPool-16 - Starting...
2022-04-27 17:00:37.488  INFO 2496 --- [restartedMain] com.zaxxer.hikari.HikariDataSource       : HikariPool-16 - Start completed.
2022-04-27 17:00:37.488  INFO 2496 --- [restartedMain] o.s.b.a.h2.H2ConsoleAutoConfiguration    : H2 console available at '/h2-console'. Database available at 'jdbc:mariadb://127.0.0.1:3306/boot_db?useUnicode=true&charaterEncoding=utf-8&useSSL=false&serverTimezone=UTC'
2022-04-27 17:00:37.504  INFO 2496 --- [restartedMain] o.hibernate.jpa.internal.util.LogHelper  : HHH000204: Processing PersistenceUnitInfo [name: default]
2022-04-27 17:00:37.507  INFO 2496 --- [restartedMain] org.hibernate.dialect.Dialect            : HHH000400: Using dialect: org.hibernate.dialect.MariaDB103Dialect
2022-04-27 17:00:37.535  INFO 2496 --- [restartedMain] o.h.e.t.j.p.i.JtaPlatformInitiator       : HHH000490: Using JtaPlatform implementation: [org.hibernate.engine.transaction.jta.platform.internal.NoJtaPlatform]
2022-04-27 17:00:37.535  INFO 2496 --- [restartedMain] j.LocalContainerEntityManagerFactoryBean : Initialized JPA EntityManagerFactory for persistence unit 'default'
2022-04-27 17:00:37.591  WARN 2496 --- [restartedMain] JpaBaseConfiguration$JpaWebConfiguration : spring.jpa.open-in-view is enabled by default. Therefore, database queries may be performed during view rendering. Explicitly configure spring.jpa.open-in-view to disable this warning
2022-04-27 17:00:37.620  INFO 2496 --- [restartedMain] o.s.b.a.w.s.WelcomePageHandlerMapping    : Adding welcome page: class path resource [static/index.html]
2022-04-27 17:00:37.666  INFO 2496 --- [restartedMain] o.s.b.d.a.OptionalLiveReloadServer       : LiveReload server is running on port 35729
2022-04-27 17:00:37.673  INFO 2496 --- [restartedMain] o.s.b.w.embedded.tomcat.TomcatWebServer  : Tomcat started on port(s): 8080 (http) with context path ''
2022-04-27 17:00:37.676  INFO 2496 --- [restartedMain] c.b.m.MyspringbootAppApplication         : Started MyspringbootAppApplication in 0.433 seconds (JVM running for 1503.27)
2022-04-27 17:00:37.677  INFO 2496 --- [restartedMain] .ConditionEvaluationDeltaLoggingListener : Condition evaluation unchanged
2022-04-27 17:52:49.103  INFO 2496 --- [http-nio-8080-exec-1] o.a.c.c.C.[Tomcat].[localhost].[/]       : Initializing Spring DispatcherServlet 'dispatcherServlet'
2022-04-27 17:52:49.105  INFO 2496 --- [http-nio-8080-exec-1] o.s.web.servlet.DispatcherServlet        : Initializing Servlet 'dispatcherServlet'
2022-04-27 17:52:49.112  INFO 2496 --- [http-nio-8080-exec-1] o.s.web.servlet.DispatcherServlet        : Completed initialization in 7 ms
